PRT1
309
846
4 0 12 (5120 3060.850342 0 ) (5120 3060.850342 -182.154022 ) (5120 2816 -182.154022 ) (5120 2816 0 ) 
4 0 7 (5120 2816 3510.149902 ) (5120 3060.850342 3510.149902 ) (5120 3060.850342 0 ) (5120 2816 0 ) 
4 0 2 (5376 2816 32 ) (5376 2816 3510.149902 ) (5120 2816 3510.149902 ) (5120 2816 32 ) 
4 0 3 (5120 2816 -182.154022 ) (5376 2816 -182.154022 ) (5376 2816 0 ) (5120 2816 0 ) 
4 0 1 (5376 2816 -182.154022 ) (5620.360352 2816 -182.154022 ) (5620.360352 2816 3510.149902 ) (5376 2816 3510.149902 ) 
4 1 4 (5376 2048 -182.154022 ) (5620.360352 2048 -182.154022 ) (5620.360352 2048 3510.149902 ) (5376 2048 3510.149902 ) 
4 1 2 (5376 2816 3510.149902 ) (5376 2816 32 ) (5376 2048 32 ) (5376 2048 3510.149902 ) 
4 1 3 (5376 2816 0 ) (5376 2816 -182.154022 ) (5376 2048 -182.154022 ) (5376 2048 0 ) 
4 2 8 (5120 2048 32 ) (5120 2048 3510.149902 ) (5120 2816 3510.149902 ) (5120 2816 32 ) 
4 2 5 (5120 2048 3510.149902 ) (5120 2048 32 ) (5376 2048 32 ) (5376 2048 3510.149902 ) 
4 3 12 (5120 2048 -182.154022 ) (5120 2048 0 ) (5120 2816 0 ) (5120 2816 -182.154022 ) 
4 3 6 (5120 2048 0 ) (5120 2048 -182.154022 ) (5376 2048 -182.154022 ) (5376 2048 0 ) 
4 4 50 (5620.360352 1024 3510.149902 ) (5376 1024 3510.149902 ) (5376 1024 -182.154022 ) (5620.360352 1024 -182.154022 ) 
4 4 5 (5376 1024 32 ) (5376 1024 3510.149902 ) (5376 2048 3510.149902 ) (5376 2048 32 ) 
4 4 6 (5376 2048 -182.154022 ) (5376 1024 -182.154022 ) (5376 1024 0 ) (5376 2048 0 ) 
4 5 51 (5376 1024 3510.149902 ) (5120 1024 3510.149902 ) (5120 1024 32 ) (5376 1024 32 ) 
4 5 14 (5120 1792 128 ) (5120 2048 128 ) (5120 2048 32 ) (5120 1792 32 ) 
4 5 13 (5120 1024 128 ) (5120 1024 3510.149902 ) (5120 2048 3510.149902 ) (5120 2048 128 ) 
4 6 52 (5120 1024 0 ) (5120 1024 -182.154022 ) (5376 1024 -182.154022 ) (5376 1024 0 ) 
4 6 17 (5120 1024 -182.154022 ) (5120 1024 0 ) (5120 2048 0 ) (5120 2048 -182.154022 ) 
4 7 12 (5120 3060.850342 0 ) (5120 2816 0 ) (4864 2816 0 ) (4864 3060.850342 0 ) 
4 7 9 (4864 3060.850342 0 ) (4864 2816 0 ) (4864 2816 3510.149902 ) (4864 3060.850342 3510.149902 ) 
4 7 8 (4864 2816 3510.149902 ) (4864 2816 32 ) (5120 2816 32 ) (5120 2816 3510.149902 ) 
4 8 14 (5120 2048 32 ) (5120 2048 128 ) (4864 2048 128 ) (4864 2048 32 ) 
4 8 13 (5120 2048 128 ) (5120 2048 3510.149902 ) (4864 2048 3510.149902 ) (4864 2048 128 ) 
4 8 11 (4864 2048 128 ) (4864 2048 3510.149902 ) (4864 2304 3510.149902 ) (4864 2304 128 ) 
4 8 10 (4864 2304 3510.149902 ) (4864 2816 3510.149902 ) (4864 2816 32 ) (4864 2304 32 ) 
4 9 18 (4096 2816 3510.149902 ) (4096 3060.850342 3510.149902 ) (4096 3060.850342 0 ) (4096 2816 0 ) 
4 9 12 (4096 2816 0 ) (4096 3060.850342 0 ) (4864 3060.850342 0 ) (4864 2816 0 ) 
4 9 10 (4864 2816 32 ) (4864 2816 3510.149902 ) (4096 2816 3510.149902 ) (4096 2816 32 ) 
4 10 19 (4096 2304 3510.149902 ) (4096 2816 3510.149902 ) (4096 2816 32 ) (4096 2304 32 ) 
4 10 11 (4864 2304 128 ) (4864 2304 3510.149902 ) (4096 2304 3510.149902 ) (4096 2304 128 ) 
4 11 20 (4096 2048 128 ) (4096 2048 3510.149902 ) (4096 2304 3510.149902 ) (4096 2304 128 ) 
4 11 13 (4864 2048 3510.149902 ) (4096 2048 3510.149902 ) (4096 2048 128 ) (4864 2048 128 ) 
4 12 23 (4096 2048 -182.154022 ) (4096 2048 0 ) (4096 3060.850342 0 ) (4096 3060.850342 -182.154022 ) 
4 12 17 (5120 2048 -182.154022 ) (5120 2048 0 ) (4096 2048 0 ) (4096 2048 -182.154022 ) 
4 13 56 (4608 1024 3510.149902 ) (4096 1024 3510.149902 ) (4096 1024 128 ) (4608 1024 128 ) 
4 13 55 (5120 1024 128 ) (5120 1024 3510.149902 ) (4608 1024 3510.149902 ) (4608 1024 128 ) 
4 13 35 (4096 1024 128 ) (4096 1024 3510.149902 ) (4096 1792 3510.149902 ) (4096 1792 128 ) 
4 13 34 (4096 1792 3510.149902 ) (4096 2048 3510.149902 ) (4096 2048 128 ) (4096 1792 128 ) 
4 13 16 (4096 1280 128 ) (4096 1536 128 ) (4864 1536 128 ) (4864 1280 128 ) 
4 13 15 (4608 2048 128 ) (4864 2048 128 ) (4864 1536 128 ) (4608 1536 128 ) 
4 13 14 (5120 2048 128 ) (5120 1792 128 ) (4864 1792 128 ) (4864 2048 128 ) 
4 14 15 (4864 1792 32 ) (4864 1792 128 ) (4864 2048 128 ) (4864 2048 32 ) 
4 15 16 (4864 1536 32 ) (4864 1536 128 ) (4608 1536 128 ) (4608 1536 32 ) 
4 16 35 (4096 1280 128 ) (4096 1536 128 ) (4096 1536 32 ) (4096 1280 32 ) 
4 17 64 (5120 1024 -182.154022 ) (5120 1024 0 ) (4096 1024 0 ) (4096 1024 -182.154022 ) 
4 17 41 (4096 1024 -182.154022 ) (4096 1024 0 ) (4096 2048 0 ) (4096 2048 -182.154022 ) 
4 18 24 (3072 3060.850342 0 ) (3072 2816 0 ) (3072 2816 3510.149902 ) (3072 3060.850342 3510.149902 ) 
4 18 23 (3072 2816 0 ) (3072 3060.850342 0 ) (4096 3060.850342 0 ) (4096 2816 0 ) 
4 18 19 (4096 2816 32 ) (4096 2816 3510.149902 ) (3072 2816 3510.149902 ) (3072 2816 32 ) 
4 19 25 (3072 2304 32 ) (3072 2304 3510.149902 ) (3072 2816 3510.149902 ) (3072 2816 32 ) 
4 19 22 (3072 2304 3510.149902 ) (3072 2304 256 ) (3328 2304 256 ) (3328 2304 3510.149902 ) 
4 19 21 (3328 2304 32 ) (3584 2304 32 ) (3584 2304 3510.149902 ) (3328 2304 3510.149902 ) 
4 19 20 (4096 2304 128 ) (4096 2304 3510.149902 ) (3584 2304 3510.149902 ) (3584 2304 128 ) 
4 20 34 (4096 2048 128 ) (4096 2048 3510.149902 ) (3584 2048 3510.149902 ) (3584 2048 128 ) 
4 20 21 (3584 2304 3510.149902 ) (3584 2304 128 ) (3584 2048 128 ) (3584 2048 3510.149902 ) 
4 21 38 (3328 2048 3510.149902 ) (3328 2048 32 ) (3584 2048 32 ) (3584 2048 3510.149902 ) 
4 21 22 (3328 2304 3510.149902 ) (3328 2304 256 ) (3328 2048 256 ) (3328 2048 3510.149902 ) 
4 22 39 (3072 2048 3510.149902 ) (3072 2048 256 ) (3328 2048 256 ) (3328 2048 3510.149902 ) 
4 22 26 (3072 2048 256 ) (3072 2048 3510.149902 ) (3072 2304 3510.149902 ) (3072 2304 256 ) 
4 23 41 (4096 2048 -182.154022 ) (4096 2048 0 ) (3072 2048 0 ) (3072 2048 -182.154022 ) 
4 23 33 (3072 2048 -182.154022 ) (3072 2048 0 ) (3072 3060.850342 0 ) (3072 3060.850342 -182.154022 ) 
4 24 33 (3072 3060.850342 0 ) (3072 2816 0 ) (2560 2816 0 ) (2560 3060.850342 0 ) 
4 24 27 (2560 3060.850342 0 ) (2560 2816 0 ) (2560 2816 3510.149902 ) (2560 3060.850342 3510.149902 ) 
4 24 25 (2560 2816 3510.149902 ) (2560 2816 32 ) (3072 2816 32 ) (3072 2816 3510.149902 ) 
4 25 28 (2560 2304 32 ) (2560 2304 3510.149902 ) (2560 2816 3510.149902 ) (2560 2816 32 ) 
4 25 26 (2560 2304 3510.149902 ) (2560 2304 256 ) (3072 2304 256 ) (3072 2304 3510.149902 ) 
4 26 42 (3072 2048 256 ) (3072 2048 3510.149902 ) (2560 2048 3510.149902 ) (2560 2048 256 ) 
4 26 28 (2560 2048 256 ) (2560 2048 3510.149902 ) (2560 2304 3510.149902 ) (2560 2304 256 ) 
4 27 33 (2560 3060.850342 0 ) (2560 2816 0 ) (2304 2816 0 ) (2304 3060.850342 0 ) 
4 27 29 (2304 3060.850342 0 ) (2304 2816 0 ) (2304 2816 3510.149902 ) (2304 3060.850342 3510.149902 ) 
4 27 28 (2560 2816 32 ) (2560 2816 3510.149902 ) (2304 2816 3510.149902 ) (2304 2816 32 ) 
4 28 44 (2560 2048 3510.149902 ) (2304 2048 3510.149902 ) (2304 2048 32 ) (2560 2048 32 ) 
4 28 31 (2304 2048 32 ) (2304 2048 3510.149902 ) (2304 2304 3510.149902 ) (2304 2304 32 ) 
4 28 30 (2304 2304 3510.149902 ) (2304 2560 3510.149902 ) (2304 2560 32 ) (2304 2304 32 ) 
4 28 29 (2304 2560 3510.149902 ) (2304 2816 3510.149902 ) (2304 2816 32 ) (2304 2560 32 ) 
4 29 140 (2048 2560 3510.149902 ) (2048 3060.850342 3510.149902 ) (2048 3060.850342 0 ) (2048 2560 0 ) 
4 29 33 (2304 3060.850342 0 ) (2304 2560 0 ) (2048 2560 0 ) (2048 3060.850342 0 ) 
4 29 30 (2304 2560 32 ) (2304 2560 3510.149902 ) (2048 2560 3510.149902 ) (2048 2560 32 ) 
4 30 141 (2048 2304 3510.149902 ) (2048 2560 3510.149902 ) (2048 2560 32 ) (2048 2304 32 ) 
4 30 32 (2304 2304 256 ) (2304 2304 3510.149902 ) (2048 2304 3510.149902 ) (2048 2304 256 ) 
4 31 143 (2048 2048 32 ) (2048 2048 256 ) (2048 2112 256 ) (2048 2112 32 ) 
4 31 142 (2048 2048 256 ) (2048 2048 3510.149902 ) (2048 2112 3510.149902 ) (2048 2112 256 ) 
4 31 48 (2048 2048 256 ) (2048 2048 32 ) (2304 2048 32 ) (2304 2048 256 ) 
4 31 45 (2048 2048 3510.149902 ) (2048 2048 256 ) (2304 2048 256 ) (2304 2048 3510.149902 ) 
4 31 32 (2303.998047 2304 3510.149902 ) (2303.998047 2304 256 ) (2048 2112.001221 256 ) (2048 2112 3510.149902 ) 
4 32 142 (2048 2112 3510.149902 ) (2048 2304 3510.149902 ) (2048 2304 256 ) (2048 2112 256 ) 
4 33 145 (2048 2048 -182.154022 ) (2048 2048 0 ) (2048 3060.850342 0 ) (2048 3060.850342 -182.154022 ) 
4 33 49 (3072 2048 -182.154022 ) (3072 2048 0 ) (2048 2048 0 ) (2048 2048 -182.154022 ) 
4 34 38 (3584 1792 32 ) (3584 1792 3510.149902 ) (3584 2048 3510.149902 ) (3584 2048 32 ) 
4 34 36 (3584 1792 3510.149902 ) (3584 1792 142 ) (3840 1792 142 ) (3840 1792 3510.149902 ) 
4 34 35 (3840 1792 32 ) (4096 1792 32 ) (4096 1792 3510.149902 ) (3840 1792 3510.149902 ) 
4 35 78 (4096 1024 32 ) (4096 1024 151.063019 ) (3840 1024 151.063019 ) (3840 1024 32 ) 
4 35 74 (4096 1024 151.063019 ) (4096 1024 216 ) (3840 1024 216 ) (3840 1024 151.063019 ) 
4 35 73 (4096 1024 216 ) (4096 1024 3510.149902 ) (3840 1024 3510.149902 ) (3840 1024 216 ) 
4 35 36 (3840 1792 3510.149902 ) (3840 1792 142 ) (3840 1024 142 ) (3840 1024 3510.149902 ) 
4 36 78 (3584 1024 151.063019 ) (3584 1024 142 ) (3840 1024 142 ) (3840 1024 151.063019 ) 
4 36 74 (3584 1024 216 ) (3584 1024 151.063019 ) (3840 1024 151.063019 ) (3840 1024 216 ) 
4 36 73 (3584 1024 3510.149902 ) (3584 1024 216 ) (3840 1024 216 ) (3840 1024 3510.149902 ) 
4 36 38 (3584 1024 142 ) (3584 1024 3510.149902 ) (3584 1792 3510.149902 ) (3584 1792 142 ) 
4 37 41 (3840 1024 0 ) (3584 1024 0 ) (3584 1792 0 ) (3840 1792 0 ) 
4 38 78 (3328 1024 151.063019 ) (3328 1024 32 ) (3584 1024 32 ) (3584 1024 151.063019 ) 
4 38 74 (3328 1024 216 ) (3328 1024 151.063019 ) (3584 1024 151.063019 ) (3584 1024 216 ) 
4 38 73 (3328 1024 3510.149902 ) (3328 1024 216 ) (3584 1024 216 ) (3584 1024 3510.149902 ) 
4 38 40 (3328 1536 32 ) (3328 1280 32 ) (3328 1280 256 ) (3328 1536 256 ) 
4 38 39 (3328 2048 3510.149902 ) (3328 2048 256 ) (3328 1024 256 ) (3328 1024 3510.149902 ) 
4 39 73 (3072 1024 3510.149902 ) (3072 1024 256 ) (3328 1024 256 ) (3328 1024 3510.149902 ) 
4 39 42 (3072 2048 3510.149902 ) (3072 2048 256 ) (3072 1024 256 ) (3072 1024 3510.149902 ) 
4 39 40 (3328 1536 256 ) (3328 1280 256 ) (3072 1280 256 ) (3072 1536 256 ) 
4 40 43 (3072 1280 32 ) (3072 1280 256 ) (3072 1536 256 ) (3072 1536 32 ) 
4 41 85 (3584 1024 0 ) (3328 1024 0 ) (3328 1024 -182.154022 ) (3584 1024 -182.154022 ) 
4 41 84 (4096 1024 -182.154022 ) (4096 1024 0 ) (3584 1024 0 ) (3584 1024 -182.154022 ) 
4 41 87 (3328 1024 0 ) (3072 1024 0 ) (3072 1024 -182.154022 ) (3328 1024 -182.154022 ) 
4 41 49 (3072 2048 0 ) (3072 2048 -182.154022 ) (3072 1024 -182.154022 ) (3072 1024 0 ) 
4 42 90 (3072 1024 256 ) (3072 1024 384 ) (2560 1024 384 ) (2560 1024 256 ) 
4 42 88 (3072 1024 384 ) (3072 1024 3510.149902 ) (2560 1024 3510.149902 ) (2560 1024 384 ) 
4 42 44 (2560 2048 3510.149902 ) (2560 2048 256 ) (2560 1024 256 ) (2560 1024 3510.149902 ) 
4 42 43 (2560 1280 256 ) (2560 1536 256 ) (3072 1536 256 ) (3072 1280 256 ) 
4 43 44 (2560 1280 32 ) (2560 1280 256 ) (2560 1536 256 ) (2560 1536 32 ) 
4 44 93 (2304 1024 3510.149902 ) (2304 1024 32 ) (2560 1024 32 ) (2560 1024 3510.149902 ) 
4 44 46 (2304 1024 32 ) (2304 1024 256 ) (2304 1394 256 ) (2304 1394 32 ) 
4 44 45 (2304 1024 256 ) (2304 1024 3510.149902 ) (2304 2048 3510.149902 ) (2304 2048 256 ) 
4 45 153 (2048 1024 256 ) (2048 1024 3510.149902 ) (2048 2048 3510.149902 ) (2048 2048 256 ) 
4 45 93 (2048 1024 3510.149902 ) (2048 1024 256 ) (2304 1024 256 ) (2304 1024 3510.149902 ) 
3 45 48 (2048 1792 256 ) (2048 2048 256 ) (2304 2048 256 ) 
4 45 46 (2048 1024 256 ) (2048 1540.461670 256 ) (2304 1394 256 ) (2304 1024 256 ) 
4 46 154 (2048 1024 32 ) (2048 1024 256 ) (2048 1540.461670 256 ) (2048 1540.461670 32 ) 
4 46 93 (2048 1024 256 ) (2048 1024 32 ) (2304 1024 32 ) (2304 1024 256 ) 
4 46 47 (2304 1098 32 ) (2304 1024 32 ) (2048 1024 32 ) (2048 1245.316895 32 ) 
4 47 155 (2048 1024 0 ) (2048 1024 32 ) (2048 1245.316895 32 ) (2048 1245.316895 0 ) 
4 47 94 (2048 1024 32 ) (2048 1024 0 ) (2304 1024 0 ) (2304 1024 32 ) 
4 47 49 (2304 1024 0 ) (2048 1024 0 ) (2048 1245.316895 0 ) (2304 1098 0 ) 
4 48 156 (2048 1792 256 ) (2048 2048 256 ) (2048 2048 32 ) (2048 1792 32 ) 
4 49 160 (2048 1024 -182.154022 ) (2048 1024 0 ) (2048 2048 0 ) (2048 2048 -182.154022 ) 
4 49 97 (3072 1024 -182.154022 ) (3072 1024 0 ) (2048 1024 0 ) (2048 1024 -182.154022 ) 
4 50 54 (5620.360352 0 3510.149902 ) (5376 0 3510.149902 ) (5376 0 -182.154022 ) (5620.360352 0 -182.154022 ) 
4 50 51 (5376 768 32 ) (5376 768 3510.149902 ) (5376 1024 3510.149902 ) (5376 1024 32 ) 
4 50 52 (5376 1024 -182.154022 ) (5376 768 -182.154022 ) (5376 768 0 ) (5376 1024 0 ) 
4 50 53 (5376 768 -182.154022 ) (5376 0 -182.154022 ) (5376 0 3510.149902 ) (5376 768 3510.149902 ) 
4 51 55 (5120 768 3510.149902 ) (5120 1024 3510.149902 ) (5120 1024 32 ) (5120 768 32 ) 
4 51 53 (5376 768 32 ) (5376 768 3510.149902 ) (5120 768 3510.149902 ) (5120 768 32 ) 
4 52 64 (5120 1024 0 ) (5120 1024 -182.154022 ) (5120 768 -182.154022 ) (5120 768 0 ) 
4 52 53 (5120 768 -182.154022 ) (5376 768 -182.154022 ) (5376 768 0 ) (5120 768 0 ) 
4 53 64 (5120 0 -182.154022 ) (5120 0 0 ) (5120 768 0 ) (5120 768 -182.154022 ) 
4 53 62 (5120 0 0 ) (5120 0 32 ) (5120 256 32 ) (5120 256 0 ) 
4 53 61 (5120 0 32 ) (5120 0 3510.149902 ) (5120 256 3510.149902 ) (5120 256 32 ) 
4 53 57 (5120 256 3510.149902 ) (5120 768 3510.149902 ) (5120 768 0 ) (5120 256 0 ) 
4 53 54 (5376 0 3510.149902 ) (5120 0 3510.149902 ) (5120 0 -182.154022 ) (5376 0 -182.154022 ) 
4 54 124 (5620.360352 -1024 3510.149902 ) (5120 -1024 3510.149902 ) (5120 -1024 -182.154022 ) (5620.360352 -1024 -182.154022 ) 
4 54 72 (5120 -1024 -182.154022 ) (5120 -1024 0 ) (5120 0 0 ) (5120 0 -182.154022 ) 
4 54 70 (5120 -1024 0 ) (5120 -1024 32 ) (5120 -768 32 ) (5120 -768 0 ) 
4 54 69 (5120 -768 32 ) (5120 -512 32 ) (5120 -512 0 ) (5120 -768 0 ) 
4 54 68 (5120 -1024 32 ) (5120 -1024 3510.149902 ) (5120 -512 3510.149902 ) (5120 -512 32 ) 
4 54 66 (5120 0 32 ) (5120 0 0 ) (5120 -512 0 ) (5120 -512 32 ) 
4 54 65 (5120 -512 3510.149902 ) (5120 0 3510.149902 ) (5120 0 32 ) (5120 -512 32 ) 
4 55 58 (4864 768 3510.149902 ) (4608 768 3510.149902 ) (4608 768 32 ) (4864 768 32 ) 
4 55 57 (5120 768 32 ) (5120 768 3510.149902 ) (4864 768 3510.149902 ) (4864 768 32 ) 
4 55 56 (4608 768 128 ) (4608 768 3510.149902 ) (4608 1024 3510.149902 ) (4608 1024 128 ) 
4 56 78 (4096 1024 151.063019 ) (4096 1024 128 ) (4096 768 128 ) (4096 768 151.063019 ) 
4 56 74 (4096 1024 216 ) (4096 1024 151.063019 ) (4096 768 151.063019 ) (4096 768 216 ) 
4 56 73 (4096 1024 3510.149902 ) (4096 1024 216 ) (4096 768 216 ) (4096 768 3510.149902 ) 
4 56 59 (4096 768 3510.149902 ) (4096 768 128 ) (4352 768 128 ) (4352 768 3510.149902 ) 
4 56 58 (4352 768 128 ) (4608 768 128 ) (4608 768 3510.149902 ) (4352 768 3510.149902 ) 
4 57 64 (4864 768 0 ) (5120 768 0 ) (5120 256 0 ) (4864 256 0 ) 
4 57 62 (4864 256 0 ) (5120 256 0 ) (5120 256 32 ) (4864 256 32 ) 
4 57 61 (5120 256 32 ) (5120 256 3510.149902 ) (4864 256 3510.149902 ) (4864 256 32 ) 
4 57 58 (4864 256 32 ) (4864 256 3510.149902 ) (4864 768 3510.149902 ) (4864 768 32 ) 
4 58 61 (4864 256 32 ) (4864 256 3510.149902 ) (4352 256 3510.149902 ) (4352 256 32 ) 
4 58 60 (4352 512 32 ) (4352 256 32 ) (4352 256 3510.149902 ) (4352 512 3510.149902 ) 
4 58 59 (4352 768 3510.149902 ) (4352 768 128 ) (4352 512 128 ) (4352 512 3510.149902 ) 
4 59 79 (4096 512 128 ) (4096 512 151.063019 ) (4096 768 151.063019 ) (4096 768 128 ) 
4 59 74 (4096 512 151.063019 ) (4096 512 216 ) (4096 768 216 ) (4096 768 151.063019 ) 
4 59 73 (4096 512 216 ) (4096 512 3510.149902 ) (4096 768 3510.149902 ) (4096 768 216 ) 
4 59 60 (4096 512 3510.149902 ) (4096 512 128 ) (4352 512 128 ) (4352 512 3510.149902 ) 
4 60 80 (4096 256 32 ) (4096 256 151.063019 ) (4096 512 151.063019 ) (4096 512 32 ) 
4 60 74 (4096 256 151.063019 ) (4096 256 216 ) (4096 512 216 ) (4096 512 151.063019 ) 
4 60 73 (4096 256 216 ) (4096 256 3510.149902 ) (4096 512 3510.149902 ) (4096 512 216 ) 
4 60 63 (4352 256 128 ) (4352 256 3510.149902 ) (4096 256 3510.149902 ) (4096 256 128 ) 
4 61 65 (5120 0 32 ) (5120 0 3510.149902 ) (4352 0 3510.149902 ) (4352 0 32 ) 
4 61 63 (4352 256 3510.149902 ) (4352 256 128 ) (4352 0 128 ) (4352 0 3510.149902 ) 
4 61 62 (5120 0 32 ) (4608 0 32 ) (4608 256 32 ) (5120 256 32 ) 
4 62 66 (5120 0 0 ) (5120 0 32 ) (4608 0 32 ) (4608 0 0 ) 
4 62 64 (4608 256 0 ) (5120 256 0 ) (5120 0 0 ) (4608 0 0 ) 
4 63 81 (4096 0 128 ) (4096 0 151.063019 ) (4096 256 151.063019 ) (4096 256 128 ) 
4 63 77 (4096 0 151.063019 ) (4096 0 164 ) (4096 64 164 ) (4096 64 151.063019 ) 
4 63 76 (4096 0 164 ) (4096 0 3510.149902 ) (4096 64 3510.149902 ) (4096 64 164 ) 
4 63 74 (4096 256 216 ) (4096 256 151.063019 ) (4096 64 151.063019 ) (4096 64 216 ) 
4 63 73 (4096 64 3510.149902 ) (4096 256 3510.149902 ) (4096 256 216 ) (4096 64 216 ) 
4 63 67 (4096 0 3510.149902 ) (4096 0 128 ) (4352 0 128 ) (4352 0 3510.149902 ) 
4 64 84 (4096 1024 0 ) (4096 1024 -182.154022 ) (4096 0 -182.154022 ) (4096 0 0 ) 
4 64 72 (5120 0 -182.154022 ) (5120 0 0 ) (4096 0 0 ) (4096 0 -182.154022 ) 
4 65 68 (5120 -512 32 ) (5120 -512 3510.149902 ) (4352 -512 3510.149902 ) (4352 -512 32 ) 
4 65 67 (4352 0 3510.149902 ) (4352 0 128 ) (4352 -512 128 ) (4352 -512 3510.149902 ) 
4 65 66 (5120 -512 32 ) (4608 -512 32 ) (4608 0 32 ) (5120 0 32 ) 
4 66 72 (4608 0 0 ) (5120 0 0 ) (5120 -512 0 ) (4608 -512 0 ) 
4 66 69 (4608 -512 0 ) (5120 -512 0 ) (5120 -512 32 ) (4608 -512 32 ) 
4 67 98 (4096 0 3510.149902 ) (4096 0 128 ) (4096 -512 128 ) (4096 -512 3510.149902 ) 
4 67 68 (4352 -512 128 ) (4352 -512 3510.149902 ) (4096 -512 3510.149902 ) (4096 -512 128 ) 
4 68 127 (4608 -1024 3510.149902 ) (4096 -1024 3510.149902 ) (4096 -1024 32 ) (4608 -1024 32 ) 
4 68 126 (5120 -1024 32 ) (5120 -1024 3510.149902 ) (4608 -1024 3510.149902 ) (4608 -1024 32 ) 
4 68 98 (4096 -1024 32 ) (4096 -1024 3510.149902 ) (4096 -512 3510.149902 ) (4096 -512 32 ) 
4 68 70 (4608 -768 32 ) (5120 -768 32 ) (5120 -1024 32 ) (4608 -1024 32 ) 
4 68 71 (4096 -1024 32 ) (4096 -768 32 ) (4352 -768 32 ) (4352 -1024 32 ) 
4 68 69 (4608 -512 32 ) (5120 -512 32 ) (5120 -768 32 ) (4608 -768 32 ) 
4 69 72 (4608 -512 0 ) (5120 -512 0 ) (5120 -768 0 ) (4608 -768 0 ) 
4 69 70 (4608 -768 0 ) (5120 -768 0 ) (5120 -768 32 ) (4608 -768 32 ) 
4 70 126 (5120 -1024 0 ) (5120 -1024 32 ) (4608 -1024 32 ) (4608 -1024 0 ) 
4 70 72 (4608 -768 0 ) (5120 -768 0 ) (5120 -1024 0 ) (4608 -1024 0 ) 
4 71 99 (4096 -1024 0 ) (4096 -1024 32 ) (4096 -768 32 ) (4096 -768 0 ) 
4 71 72 (4096 -1024 0 ) (4096 -768 0 ) (4352 -768 0 ) (4352 -1024 0 ) 
4 72 129 (5120 -1024 -182.154022 ) (5120 -1024 0 ) (4096 -1024 0 ) (4096 -1024 -182.154022 ) 
4 72 100 (4096 -1024 -182.154022 ) (4096 -1024 0 ) (4096 0 0 ) (4096 0 -182.154022 ) 
4 73 91 (3072 370 216 ) (3072 74 216 ) (3072 74 256 ) (3072 370 256 ) 
4 73 90 (3072 1024 384 ) (3072 1024 256 ) (3072 74 256 ) (3072 74 384 ) 
4 73 88 (3072 1024 3510.149902 ) (3072 1024 384 ) (3072 64 384 ) (3072 64 3510.149902 ) 
4 73 76 (3072 64 3510.149902 ) (3072 64 216 ) (4096 64 216 ) (4096 64 3510.149902 ) 
4 73 75 (3072 76 216 ) (3072 1024 216 ) (3164 1024 216 ) (3164 76 216 ) 
4 73 74 (4096 64 216 ) (3164 64 216 ) (3164 1024 216 ) (4096 1024 216 ) 
4 74 83 (3164 1024 151.063019 ) (3328 1024 151.063019 ) (3328 64 151.063019 ) (3164 64 151.063019 ) 
4 74 82 (3584 64 151.063019 ) (3328 64 151.063019 ) (3328 256 151.063019 ) (3584 256 151.063019 ) 
4 74 81 (4096 256 151.063019 ) (4096 64 151.063019 ) (3584 64 151.063019 ) (3584 256 151.063019 ) 
4 74 80 (4096 512 151.063019 ) (4096 256 151.063019 ) (3328 256 151.063019 ) (3328 512 151.063019 ) 
4 74 79 (4096 768 151.063019 ) (4096 512 151.063019 ) (3328 512 151.063019 ) (3328 768 151.063019 ) 
4 74 78 (3328 1024 151.063019 ) (4096 1024 151.063019 ) (4096 768 151.063019 ) (3328 768 151.063019 ) 
4 74 77 (3164 64 151.063019 ) (4096 64 151.063019 ) (4096 64 164 ) (3164 64 164 ) 
4 74 76 (4096 64 164 ) (4096 64 216 ) (3164 64 216 ) (3164 64 164 ) 
4 74 75 (3164 1024 151.063019 ) (3164 76 151.063019 ) (3164 76 216 ) (3164 1024 216 ) 
4 75 91 (3072 370 151.063019 ) (3072 76 151.063019 ) (3072 76 216 ) (3072 370 216 ) 
4 75 83 (3072 76 151.063019 ) (3072 1024 151.063019 ) (3164 1024 151.063019 ) (3164 76 151.063019 ) 
4 76 108 (3328 0 3510.149902 ) (3072 0 3510.149902 ) (3072 0 164 ) (3328 0 164 ) 
4 76 101 (3840 0 3510.149902 ) (3328 0 3510.149902 ) (3328 0 164 ) (3840 0 164 ) 
4 76 98 (4096 0 164 ) (4096 0 3510.149902 ) (3840 0 3510.149902 ) (3840 0 164 ) 
4 76 88 (3072 0 384 ) (3072 0 3510.149902 ) (3072 64 3510.149902 ) (3072 64 384 ) 
4 76 77 (4096 0 164 ) (3164 0 164 ) (3164 64 164 ) (4096 64 164 ) 
4 77 109 (3328 0 164 ) (3164 0 164 ) (3164 0 151.063019 ) (3328 0 151.063019 ) 
4 77 101 (3840 0 164 ) (3328 0 164 ) (3328 0 151.063019 ) (3840 0 151.063019 ) 
4 77 98 (4096 0 151.063019 ) (4096 0 164 ) (3840 0 164 ) (3840 0 151.063019 ) 
4 77 83 (3328 0 151.063019 ) (3164 0 151.063019 ) (3164 64 151.063019 ) (3328 64 151.063019 ) 
4 77 82 (3584 0 151.063019 ) (3328 0 151.063019 ) (3328 64 151.063019 ) (3584 64 151.063019 ) 
4 77 81 (4096 0 151.063019 ) (3584 0 151.063019 ) (3584 64 151.063019 ) (4096 64 151.063019 ) 
4 78 83 (3328 768 32 ) (3328 768 151.063019 ) (3328 1024 151.063019 ) (3328 1024 32 ) 
4 78 79 (3328 768 151.063019 ) (3328 768 128 ) (4096 768 128 ) (4096 768 151.063019 ) 
4 79 83 (3328 512 128 ) (3328 512 151.063019 ) (3328 768 151.063019 ) (3328 768 128 ) 
4 79 80 (3328 512 151.063019 ) (3328 512 128 ) (4096 512 128 ) (4096 512 151.063019 ) 
4 80 83 (3328 256 32 ) (3328 256 151.063019 ) (3328 512 151.063019 ) (3328 512 32 ) 
4 80 82 (3328 256 151.063019 ) (3328 256 32 ) (3584 256 32 ) (3584 256 151.063019 ) 
4 80 81 (4096 256 128 ) (4096 256 151.063019 ) (3584 256 151.063019 ) (3584 256 128 ) 
4 81 101 (3840 0 151.063019 ) (3584 0 151.063019 ) (3584 0 128 ) (3840 0 128 ) 
4 81 98 (4096 0 128 ) (4096 0 151.063019 ) (3840 0 151.063019 ) (3840 0 128 ) 
4 81 82 (3584 256 151.063019 ) (3584 256 128 ) (3584 0 128 ) (3584 0 151.063019 ) 
4 82 101 (3584 0 151.063019 ) (3328 0 151.063019 ) (3328 0 32 ) (3584 0 32 ) 
4 82 83 (3328 0 32 ) (3328 0 151.063019 ) (3328 256 151.063019 ) (3328 256 32 ) 
4 83 110 (3164 0 151.063019 ) (3072 0 151.063019 ) (3072 0 32 ) (3164 0 32 ) 
4 83 109 (3328 0 151.063019 ) (3164 0 151.063019 ) (3164 0 32 ) (3328 0 32 ) 
4 83 91 (3072 370 32 ) (3072 74 32 ) (3072 74 151.063019 ) (3072 370 151.063019 ) 
4 84 102 (3840 0 0 ) (3584 0 0 ) (3584 0 -182.154022 ) (3840 0 -182.154022 ) 
4 84 100 (4096 0 -182.154022 ) (4096 0 0 ) (3840 0 0 ) (3840 0 -182.154022 ) 
4 84 86 (3584 256 -182.154022 ) (3584 0 -182.154022 ) (3584 0 -16 ) (3584 256 -16 ) 
4 84 85 (3584 1024 -182.154022 ) (3584 256 -182.154022 ) (3584 256 0 ) (3584 1024 0 ) 
4 85 86 (3328 256 -16 ) (3328 256 -182.154022 ) (3584 256 -182.154022 ) (3584 256 -16 ) 
4 85 87 (3328 1024 -182.154022 ) (3328 256 -182.154022 ) (3328 256 0 ) (3328 1024 0 ) 
4 86 102 (3328 0 -16 ) (3328 0 -182.154022 ) (3584 0 -182.154022 ) (3584 0 -16 ) 
4 86 87 (3328 256 -182.154022 ) (3328 0 -182.154022 ) (3328 0 -16 ) (3328 256 -16 ) 
4 87 113 (3328 0 0 ) (3072 0 0 ) (3072 0 -182.154022 ) (3328 0 -182.154022 ) 
4 87 97 (3072 1024 0 ) (3072 1024 -182.154022 ) (3072 0 -182.154022 ) (3072 0 0 ) 
4 88 114 (3072 0 384 ) (3072 0 3510.149902 ) (2560 0 3510.149902 ) (2560 0 384 ) 
4 88 95 (2560 256 384 ) (2560 0 384 ) (2560 0 3510.149902 ) (2560 256 3510.149902 ) 
4 88 93 (2560 1024 3510.149902 ) (2560 1024 384 ) (2560 256 384 ) (2560 256 3510.149902 ) 
5 88 90 (2755 256 384 ) (2560 570.952576 384 ) (2560 1024 384 ) (3072 1024 384 ) (3072 74 384 ) 
3 88 89 (2913.500000 0 384 ) (2560 0 384 ) (2560 570.952576 384 ) 
4 89 115 (2913.500000 0 384 ) (2560 0 384 ) (2560 0 256 ) (2913.500000 0 256 ) 
4 89 95 (2560 256 256 ) (2560 0 256 ) (2560 0 384 ) (2560 256 384 ) 
4 89 93 (2560 570.952576 256 ) (2560 256 256 ) (2560 256 384 ) (2560 570.952576 384 ) 
3 89 92 (2560 368 256 ) (2560 570.952576 256 ) (2755 256 256 ) 
4 89 90 (2755.003906 255.997849 256 ) (2560 570.957031 256 ) (2560 570.953125 384 ) (2755 256 384 ) 
4 90 93 (2560 1024 384 ) (2560 1024 256 ) (2560 570.952576 256 ) (2560 570.952576 384 ) 
4 90 92 (2560 570.952576 256 ) (2560 648.692932 256 ) (2782.239746 256 256 ) (2755 256 256 ) 
5 90 91 (2560 648.692932 256 ) (2560 665 256 ) (3072 370 256 ) (3072 74 256 ) (2795.350586 232.833557 256 ) 
4 91 93 (2560 648.692871 32 ) (2560 648.692871 256 ) (2560 665 256 ) (2560 665 32 ) 
4 91 92 (2782.238525 256 256 ) (2560 648.691406 256 ) (2560 648.691406 32 ) (2782.238770 256 32 ) 
4 92 93 (2560 368 256 ) (2560 648.692871 256 ) (2560 648.692871 32 ) (2560 368 32 ) 
4 93 180 (2048 512 32 ) (2048 256 32 ) (2048 256 144 ) (2048 512 144 ) 
4 93 177 (2048 1024 144 ) (2048 1024 32 ) (2048 512 32 ) (2048 512 144 ) 
4 93 176 (2048 1024 3510.149902 ) (2048 1024 144 ) (2048 256 144 ) (2048 256 3510.149902 ) 
4 93 96 (2136 256 3510.149902 ) (2048 256 3510.149902 ) (2048 256 32 ) (2136 256 32 ) 
4 93 95 (2560 256 256 ) (2560 256 3510.149902 ) (2136 256 3510.149902 ) (2136 256 256 ) 
4 93 94 (2048 512 32 ) (2048 1024 32 ) (2304 1024 32 ) (2304 512 32 ) 
4 94 177 (2048 1024 32 ) (2048 1024 0 ) (2048 512 0 ) (2048 512 32 ) 
4 94 97 (2048 512 0 ) (2048 1024 0 ) (2304 1024 0 ) (2304 512 0 ) 
4 95 115 (2136 0 384 ) (2136 0 256 ) (2560 0 256 ) (2560 0 384 ) 
4 95 114 (2136 0 3510.149902 ) (2136 0 384 ) (2560 0 384 ) (2560 0 3510.149902 ) 
4 95 96 (2136 256 3510.149902 ) (2136 256 256 ) (2136 0 256 ) (2136 0 3510.149902 ) 
4 96 186 (2048 0 32 ) (2048 0 3510.149902 ) (2048 256 3510.149902 ) (2048 256 32 ) 
4 96 116 (2048 0 384 ) (2048 0 16 ) (2136 0 16 ) (2136 0 384 ) 
4 96 114 (2048 0 3510.149902 ) (2048 0 384 ) (2136 0 384 ) (2136 0 3510.149902 ) 
4 97 187 (2048 0 -182.154022 ) (2048 0 0 ) (2048 256 0 ) (2048 256 -182.154022 ) 
4 97 185 (2048 1024 -17.538502 ) (2048 1024 -182.154022 ) (2048 256 -182.154022 ) (2048 256 -17.538502 ) 
4 97 181 (2048 256 0 ) (2048 512 0 ) (2048 512 -17.538502 ) (2048 256 -17.538502 ) 
4 97 177 (2048 512 0 ) (2048 1024 0 ) (2048 1024 -17.538502 ) (2048 512 -17.538502 ) 
4 97 123 (3072 0 -182.154022 ) (3072 0 0 ) (2048 0 0 ) (2048 0 -182.154022 ) 
4 98 130 (4096 -1024 32 ) (4096 -1024 3510.149902 ) (3840 -1024 3510.149902 ) (3840 -1024 32 ) 
4 98 103 (3840 -256 32 ) (3840 -1024 32 ) (3840 -1024 3510.149902 ) (3840 -256 3510.149902 ) 
4 98 101 (3840 0 3510.149902 ) (3840 0 32 ) (3840 -256 32 ) (3840 -256 3510.149902 ) 
4 98 99 (4096 -1024 32 ) (3840 -1024 32 ) (3840 -768 32 ) (4096 -768 32 ) 
4 99 103 (3840 -768 0 ) (3840 -1024 0 ) (3840 -1024 32 ) (3840 -768 32 ) 
4 99 100 (3840 -1024 0 ) (3840 -768 0 ) (4096 -768 0 ) (4096 -1024 0 ) 
4 100 132 (4096 -1024 -182.154022 ) (4096 -1024 0 ) (3840 -1024 0 ) (3840 -1024 -182.154022 ) 
4 100 103 (3840 -256 -182.154022 ) (3840 -1024 -182.154022 ) (3840 -1024 0 ) (3840 -256 0 ) 
4 100 102 (3840 0 0 ) (3840 0 -182.154022 ) (3840 -256 -182.154022 ) (3840 -256 0 ) 
4 101 109 (3328 -256 32 ) (3328 -256 164 ) (3328 0 164 ) (3328 0 32 ) 
4 101 108 (3328 -256 164 ) (3328 -256 3510.149902 ) (3328 0 3510.149902 ) (3328 0 164 ) 
4 101 104 (3584 -256 3510.149902 ) (3520 -256 3510.149902 ) (3520 -256 160 ) (3584 -256 160 ) 
4 101 103 (3840 -256 32 ) (3840 -256 3510.149902 ) (3584 -256 3510.149902 ) (3584 -256 32 ) 
4 101 107 (3520 -256 3510.149902 ) (3328 -256 3510.149902 ) (3328 -256 32 ) (3520 -256 32 ) 
4 102 113 (3328 -256 -182.154022 ) (3328 -256 0 ) (3328 0 0 ) (3328 0 -182.154022 ) 
4 102 105 (3520 -256 -1.538450 ) (3520 -256 -182.154022 ) (3584 -256 -182.154022 ) (3584 -256 -1.538450 ) 
4 102 103 (3840 -256 -182.154022 ) (3840 -256 0 ) (3584 -256 0 ) (3584 -256 -182.154022 ) 
4 102 107 (3520 -256 0 ) (3328 -256 0 ) (3328 -256 -182.154022 ) (3520 -256 -182.154022 ) 
4 103 132 (3840 -1024 -182.154022 ) (3840 -1024 0 ) (3584 -1024 0 ) (3584 -1024 -182.154022 ) 
4 103 130 (3840 -1024 32 ) (3840 -1024 3510.149902 ) (3584 -1024 3510.149902 ) (3584 -1024 32 ) 
4 103 104 (3584 -256 3510.149902 ) (3584 -256 160 ) (3584 -496 160 ) (3584 -496 3510.149902 ) 
4 103 105 (3584 -256 -1.538450 ) (3584 -256 -182.154022 ) (3584 -496 -182.154022 ) (3584 -496 -1.538450 ) 
4 103 106 (3584 -496 -182.154022 ) (3584 -1024 -182.154022 ) (3584 -1024 3510.149902 ) (3584 -496 3510.149902 ) 
4 104 107 (3520 -256 3510.149902 ) (3520 -256 160 ) (3520 -496 160 ) (3520 -496 3510.149902 ) 
4 104 106 (3520 -496 3510.149902 ) (3520 -496 160 ) (3584 -496 160 ) (3584 -496 3510.149902 ) 
4 105 106 (3520 -496 -1.538450 ) (3520 -496 -182.154022 ) (3584 -496 -182.154022 ) (3584 -496 -1.538450 ) 
4 105 107 (3520 -256 -1.538450 ) (3520 -256 -182.154022 ) (3520 -496 -182.154022 ) (3520 -496 -1.538450 ) 
4 106 132 (3520 -1024 0 ) (3520 -1024 -182.154022 ) (3584 -1024 -182.154022 ) (3584 -1024 0 ) 
4 106 130 (3584 -1024 3510.149902 ) (3520 -1024 3510.149902 ) (3520 -1024 32 ) (3584 -1024 32 ) 
4 106 107 (3520 -496 -182.154022 ) (3520 -1024 -182.154022 ) (3520 -1024 3510.149902 ) (3520 -496 3510.149902 ) 
4 107 132 (3328 -1024 0 ) (3328 -1024 -182.154022 ) (3520 -1024 -182.154022 ) (3520 -1024 0 ) 
4 107 130 (3520 -1024 3510.149902 ) (3328 -1024 3510.149902 ) (3328 -1024 32 ) (3520 -1024 32 ) 
4 107 113 (3328 -1024 -182.154022 ) (3328 -1024 0 ) (3328 -256 0 ) (3328 -256 -182.154022 ) 
4 107 112 (3328 -1024 0 ) (3328 -1024 32 ) (3328 -512 32 ) (3328 -512 0 ) 
4 107 109 (3328 -1024 32 ) (3328 -1024 164 ) (3328 -256 164 ) (3328 -256 32 ) 
4 107 108 (3328 -1024 164 ) (3328 -1024 3510.149902 ) (3328 -256 3510.149902 ) (3328 -256 164 ) 
4 108 130 (3328 -1024 164 ) (3328 -1024 3510.149902 ) (3072 -1024 3510.149902 ) (3072 -1024 164 ) 
4 108 118 (3072 -512 164 ) (3072 -1024 164 ) (3072 -1024 3510.149902 ) (3072 -512 3510.149902 ) 
4 108 117 (3072 -256 164 ) (3072 -512 164 ) (3072 -512 384 ) (3072 -256 384 ) 
4 108 114 (3072 0 3510.149902 ) (3072 0 384 ) (3072 -512 384 ) (3072 -512 3510.149902 ) 
4 108 111 (3164 -344 164 ) (3164 -1024 164 ) (3072 -1024 164 ) (3072 -344 164 ) 
4 108 109 (3164 0 164 ) (3328 0 164 ) (3328 -1024 164 ) (3164 -1024 164 ) 
4 109 130 (3328 -1024 32 ) (3328 -1024 164 ) (3164 -1024 164 ) (3164 -1024 32 ) 
4 109 112 (3328 -512 32 ) (3328 -1024 32 ) (3164 -1024 32 ) (3164 -512 32 ) 
4 109 110 (3164 0 32 ) (3164 -344 32 ) (3164 -344 151.063019 ) (3164 0 151.063019 ) 
4 109 111 (3164 -344 32 ) (3164 -1024 32 ) (3164 -1024 164 ) (3164 -344 164 ) 
4 110 117 (3072 -256 32 ) (3072 -344 32 ) (3072 -344 151.063019 ) (3072 -256 151.063019 ) 
4 110 111 (3072 -344 32 ) (3164 -344 32 ) (3164 -344 151.063019 ) (3072 -344 151.063019 ) 
4 111 130 (3164 -1024 164 ) (3072 -1024 164 ) (3072 -1024 32 ) (3164 -1024 32 ) 
4 111 118 (3072 -512 32 ) (3072 -1024 32 ) (3072 -1024 164 ) (3072 -512 164 ) 
4 111 117 (3072 -344 32 ) (3072 -512 32 ) (3072 -512 164 ) (3072 -344 164 ) 
4 111 112 (3072 -1024 32 ) (3072 -512 32 ) (3164 -512 32 ) (3164 -1024 32 ) 
4 112 113 (3328 -512 0 ) (3328 -1024 0 ) (3072 -1024 0 ) (3072 -512 0 ) 
4 113 132 (3328 -1024 -182.154022 ) (3328 -1024 0 ) (3072 -1024 0 ) (3072 -1024 -182.154022 ) 
4 113 123 (3072 0 0 ) (3072 0 -182.154022 ) (3072 -1024 -182.154022 ) (3072 -1024 0 ) 
4 114 195 (2048 0 3510.149902 ) (2048 0 384 ) (2048 -512 384 ) (2048 -512 3510.149902 ) 
4 114 120 (2048 -512 3510.149902 ) (2048 -512 384 ) (2304 -512 384 ) (2304 -512 3510.149902 ) 
4 114 118 (2304 -512 384 ) (3072 -512 384 ) (3072 -512 3510.149902 ) (2304 -512 3510.149902 ) 
4 114 117 (3072 -512 384 ) (2048 -512 384 ) (2048 -256 384 ) (3072 -256 384 ) 
4 114 116 (2048 -256 384 ) (2048 0 384 ) (2136 0 384 ) (2136 -256 384 ) 
4 114 115 (2136 0 384 ) (2913.500000 0 384 ) (3072 -256 384 ) (2136 -256 384 ) 
4 115 117 (3072 -256 256 ) (3072 -256 384 ) (2136 -256 384 ) (2136 -256 256 ) 
4 115 116 (2136 -256 256 ) (2136 -256 384 ) (2136 0 384 ) (2136 0 256 ) 
4 116 196 (2048 0 142 ) (2048 0 32 ) (2048 -256 32 ) (2048 -256 142 ) 
4 116 195 (2048 0 384 ) (2048 0 142 ) (2048 -256 142 ) (2048 -256 384 ) 
4 116 117 (2136 -256 32 ) (2136 -256 384 ) (2048 -256 384 ) (2048 -256 32 ) 
4 117 196 (2048 -512 32 ) (2048 -512 142 ) (2048 -256 142 ) (2048 -256 32 ) 
4 117 195 (2048 -512 142 ) (2048 -512 384 ) (2048 -256 384 ) (2048 -256 142 ) 
4 117 120 (2048 -512 384 ) (2048 -512 142 ) (2304 -512 142 ) (2304 -512 384 ) 
4 117 118 (2304 -512 32 ) (3072 -512 32 ) (3072 -512 384 ) (2304 -512 384 ) 
4 118 133 (3072 -1024 32 ) (3072 -1024 3510.149902 ) (2304 -1024 3510.149902 ) (2304 -1024 32 ) 
4 118 120 (2304 -512 3510.149902 ) (2304 -512 142 ) (2304 -1024 142 ) (2304 -1024 3510.149902 ) 
4 118 119 (2816 -1024 32 ) (2560 -1024 32 ) (2560 -512 32 ) (2816 -512 32 ) 
4 119 134 (2560 -1024 0 ) (2816 -1024 0 ) (2816 -1024 32 ) (2560 -1024 32 ) 
4 119 123 (2560 -512 0 ) (2816 -512 0 ) (2816 -1024 0 ) (2560 -1024 0 ) 
4 120 195 (2048 -1024 142 ) (2048 -1024 3510.149902 ) (2048 -512 3510.149902 ) (2048 -512 142 ) 
4 120 133 (2048 -1024 3510.149902 ) (2048 -1024 142 ) (2304 -1024 142 ) (2304 -1024 3510.149902 ) 
4 121 197 (2048 -512 16 ) (2048 -512 0 ) (2048 -768 0 ) (2048 -768 16 ) 
4 121 123 (2048 -768 0 ) (2048 -512 0 ) (2304 -512 0 ) (2304 -768 0 ) 
4 121 122 (2048 -768 0 ) (2304 -768 0 ) (2304 -768 16 ) (2048 -768 16 ) 
4 122 204 (2048 -1024 0 ) (2048 -1024 16 ) (2048 -768 16 ) (2048 -768 0 ) 
4 122 123 (2048 -1024 0 ) (2048 -768 0 ) (2304 -768 0 ) (2304 -1024 0 ) 
4 123 205 (2048 -1024 -182.154022 ) (2048 -1024 0 ) (2048 0 0 ) (2048 0 -182.154022 ) 
4 123 136 (2048 -1024 0 ) (2048 -1024 -182.154022 ) (3072 -1024 -182.154022 ) (3072 -1024 0 ) 
4 124 129 (5120 -1024 0 ) (5120 -1024 -182.154022 ) (5120 -2048 -182.154022 ) (5120 -2048 0 ) 
4 124 126 (5120 -1024 3510.149902 ) (5120 -1024 0 ) (5120 -2048 0 ) (5120 -2048 3510.149902 ) 
4 124 125 (5620.360352 -2048 3510.149902 ) (5120 -2048 3510.149902 ) (5120 -2048 -182.154022 ) (5620.360352 -2048 -182.154022 ) 
4 125 137 (5120 -2292.850098 3510.149902 ) (5120 -2048 3510.149902 ) (5120 -2048 -182.154022 ) (5120 -2292.850098 -182.154022 ) 
4 126 137 (5120 -2048 0 ) (5120 -2048 3510.149902 ) (4608 -2048 3510.149902 ) (4608 -2048 0 ) 
4 126 129 (4608 -1024 0 ) (5120 -1024 0 ) (5120 -2048 0 ) (4608 -2048 0 ) 
4 126 127 (4608 -1280 32 ) (4608 -1280 3510.149902 ) (4608 -1024 3510.149902 ) (4608 -1024 32 ) 
4 126 128 (4608 -1280 0 ) (4608 -2048 0 ) (4608 -2048 3510.149902 ) (4608 -1280 3510.149902 ) 
4 127 130 (4096 -1024 3510.149902 ) (4096 -1024 32 ) (4096 -1280 32 ) (4096 -1280 3510.149902 ) 
4 127 128 (4608 -1280 32 ) (4608 -1280 3510.149902 ) (4096 -1280 3510.149902 ) (4096 -1280 32 ) 
4 128 137 (4608 -2048 3510.149902 ) (4096 -2048 3510.149902 ) (4096 -2048 0 ) (4608 -2048 0 ) 
4 128 131 (4096 -1280 0 ) (4096 -2048 0 ) (4096 -2048 32 ) (4096 -1280 32 ) 
4 128 130 (4096 -2048 32 ) (4096 -2048 3510.149902 ) (4096 -1280 3510.149902 ) (4096 -1280 32 ) 
4 128 129 (4096 -2048 0 ) (4096 -1280 0 ) (4608 -1280 0 ) (4608 -2048 0 ) 
4 129 137 (5120 -2048 -182.154022 ) (5120 -2048 0 ) (4096 -2048 0 ) (4096 -2048 -182.154022 ) 
4 129 132 (4096 -1024 0 ) (4096 -1024 -182.154022 ) (4096 -2048 -182.154022 ) (4096 -2048 0 ) 
4 130 138 (4096 -2048 32 ) (4096 -2048 3510.149902 ) (3072 -2048 3510.149902 ) (3072 -2048 32 ) 
4 130 133 (3072 -2048 32 ) (3072 -2048 3510.149902 ) (3072 -1024 3510.149902 ) (3072 -1024 32 ) 
4 130 131 (3072 -2048 32 ) (3072 -1280 32 ) (4096 -1280 32 ) (4096 -2048 32 ) 
4 131 138 (4096 -2048 0 ) (4096 -2048 32 ) (3072 -2048 32 ) (3072 -2048 0 ) 
4 131 135 (3072 -2048 0 ) (3072 -2048 32 ) (3072 -1280 32 ) (3072 -1280 0 ) 
4 131 132 (4096 -2048 0 ) (3072 -2048 0 ) (3072 -1280 0 ) (4096 -1280 0 ) 
4 132 138 (4096 -2048 -182.154022 ) (4096 -2048 0 ) (3072 -2048 0 ) (3072 -2048 -182.154022 ) 
4 132 136 (3072 -2048 -182.154022 ) (3072 -2048 0 ) (3072 -1024 0 ) (3072 -1024 -182.154022 ) 
4 133 285 (2048 -2048 32 ) (2048 -2048 3510.149902 ) (2048 -1536 3510.149902 ) (2048 -1536 32 ) 
4 133 282 (2048 -1536 3510.149902 ) (2048 -1280 3510.149902 ) (2048 -1280 32 ) (2048 -1536 32 ) 
4 133 281 (2048 -1280 3510.149902 ) (2048 -1024 3510.149902 ) (2048 -1024 32 ) (2048 -1280 32 ) 
4 133 139 (2048 -2048 3510.149902 ) (2048 -2048 32 ) (3072 -2048 32 ) (3072 -2048 3510.149902 ) 
4 133 134 (2560 -1024 32 ) (2816 -1024 32 ) (2816 -1280 32 ) (2560 -1280 32 ) 
4 133 135 (3072 -2048 32 ) (2048 -2048 32 ) (2048 -1280 32 ) (3072 -1280 32 ) 
4 134 136 (2560 -1024 0 ) (2816 -1024 0 ) (2816 -1280 0 ) (2560 -1280 0 ) 
4 134 135 (2560 -1280 0 ) (2816 -1280 0 ) (2816 -1280 32 ) (2560 -1280 32 ) 
4 135 286 (2048 -2048 0 ) (2048 -2048 32 ) (2048 -1536 32 ) (2048 -1536 0 ) 
4 135 282 (2048 -1536 32 ) (2048 -1280 32 ) (2048 -1280 0 ) (2048 -1536 0 ) 
4 135 139 (2048 -2048 32 ) (2048 -2048 0 ) (3072 -2048 0 ) (3072 -2048 32 ) 
4 135 136 (2048 -2048 0 ) (2048 -1280 0 ) (3072 -1280 0 ) (3072 -2048 0 ) 
4 136 287 (2048 -2048 -182.154022 ) (2048 -2048 0 ) (2048 -1024 0 ) (2048 -1024 -182.154022 ) 
4 136 139 (2048 -2048 0 ) (2048 -2048 -182.154022 ) (3072 -2048 -182.154022 ) (3072 -2048 0 ) 
4 137 138 (4096 -2048 3510.149902 ) (4096 -2048 -182.154022 ) (4096 -2292.850098 -182.154022 ) (4096 -2292.850098 3510.149902 ) 
4 138 139 (3072 -2048 3510.149902 ) (3072 -2048 -182.154022 ) (3072 -2292.850098 -182.154022 ) (3072 -2292.850098 3510.149902 ) 
4 139 295 (2048 -2292.850098 3510.149902 ) (2048 -2048 3510.149902 ) (2048 -2048 -182.154022 ) (2048 -2292.850098 -182.154022 ) 
4 140 146 (1024 3060.850342 0 ) (1024 2560 0 ) (1024 2560 3510.149902 ) (1024 3060.850342 3510.149902 ) 
4 140 145 (1024 2560 0 ) (1024 3060.850342 0 ) (2048 3060.850342 0 ) (2048 2560 0 ) 
4 140 141 (2048 2560 32 ) (2048 2560 3510.149902 ) (1024 2560 3510.149902 ) (1024 2560 32 ) 
4 141 147 (1024 2304 32 ) (1024 2304 3510.149902 ) (1024 2560 3510.149902 ) (1024 2560 32 ) 
4 141 144 (1280 2304 32 ) (1536 2304 32 ) (1536 2304 256 ) (1280 2304 256 ) 
4 141 142 (1024 2304 3510.149902 ) (1024 2304 256 ) (2048 2304 256 ) (2048 2304 3510.149902 ) 
4 142 158 (1280 2048 3510.149902 ) (1024 2048 3510.149902 ) (1024 2048 256 ) (1280 2048 256 ) 
4 142 153 (2048 2048 256 ) (2048 2048 3510.149902 ) (1280 2048 3510.149902 ) (1280 2048 256 ) 
4 142 149 (1024 2048 256 ) (1024 2048 3510.149902 ) (1024 2304 3510.149902 ) (1024 2304 256 ) 
4 142 144 (1536 2048 256 ) (1280 2048 256 ) (1280 2304 256 ) (1536 2304 256 ) 
3 142 143 (2048 2048 256 ) (1962.666504 2048 256 ) (2048 2112 256 ) 
4 143 156 (2048 2048 32 ) (2048 2048 256 ) (1962.666504 2048 256 ) (1962.666504 2048 32 ) 
4 144 157 (1536 2048 256 ) (1280 2048 256 ) (1280 2048 32 ) (1536 2048 32 ) 
4 145 160 (2048 2048 -182.154022 ) (2048 2048 0 ) (1024 2048 0 ) (1024 2048 -182.154022 ) 
4 145 152 (1024 3060.850342 -182.154022 ) (1024 2048 -182.154022 ) (1024 2048 0 ) (1024 3060.850342 0 ) 
4 146 172 (0 3060.850342 0 ) (0 2560 0 ) (0 2560 3510.149902 ) (0 3060.850342 3510.149902 ) 
4 146 152 (1024 3060.850342 0 ) (1024 2560 0 ) (0 2560 0 ) (0 3060.850342 0 ) 
4 146 147 (1024 2560 32 ) (1024 2560 3510.149902 ) (512 2560 3510.149902 ) (512 2560 32 ) 
4 146 148 (0 2560 0 ) (512 2560 0 ) (512 2560 3510.149902 ) (0 2560 3510.149902 ) 
4 147 150 (768 2304 3510.149902 ) (512 2304 3510.149902 ) (512 2304 32 ) (768 2304 32 ) 
4 147 149 (1024 2304 256 ) (1024 2304 3510.149902 ) (768 2304 3510.149902 ) (768 2304 256 ) 
4 147 148 (512 2560 3510.149902 ) (512 2560 32 ) (512 2304 32 ) (512 2304 3510.149902 ) 
4 148 172 (0 2560 0 ) (0 2304 0 ) (0 2304 3510.149902 ) (0 2560 3510.149902 ) 
4 148 152 (512 2304 0 ) (0 2304 0 ) (0 2560 0 ) (512 2560 0 ) 
4 148 151 (0 2304 0 ) (512 2304 0 ) (512 2304 32 ) (0 2304 32 ) 
4 148 150 (512 2304 32 ) (512 2304 3510.149902 ) (0 2304 3510.149902 ) (0 2304 32 ) 
4 149 161 (1024 2048 256 ) (1024 2048 3510.149902 ) (768 2048 3510.149902 ) (768 2048 256 ) 
4 149 150 (768 2304 3510.149902 ) (768 2304 256 ) (768 2048 256 ) (768 2048 3510.149902 ) 
4 150 172 (0 2048 32 ) (0 2048 3510.149902 ) (0 2304 3510.149902 ) (0 2304 32 ) 
4 150 163 (0 2048 3510.149902 ) (0 2048 32 ) (512 2048 32 ) (512 2048 3510.149902 ) 
4 150 162 (512 2048 32 ) (768 2048 32 ) (768 2048 3510.149902 ) (512 2048 3510.149902 ) 
4 150 151 (0 2048 32 ) (0 2304 32 ) (512 2304 32 ) (512 2048 32 ) 
4 151 172 (0 2048 0 ) (0 2048 32 ) (0 2304 32 ) (0 2304 0 ) 
4 151 152 (512 2048 0 ) (0 2048 0 ) (0 2304 0 ) (512 2304 0 ) 
4 152 172 (0 2048 -182.154022 ) (0 2048 0 ) (0 3060.850342 0 ) (0 3060.850342 -182.154022 ) 
4 152 171 (0 2048 0 ) (0 2048 -182.154022 ) (1024 2048 -182.154022 ) (1024 2048 0 ) 
4 153 182 (1792 1024 3510.149902 ) (1280 1024 3510.149902 ) (1280 1024 256 ) (1792 1024 256 ) 
4 153 176 (2048 1024 256 ) (2048 1024 3510.149902 ) (1792 1024 3510.149902 ) (1792 1024 256 ) 
4 153 159 (1280 1536 256 ) (1280 1024 256 ) (1280 1024 3510.149902 ) (1280 1536 3510.149902 ) 
4 153 158 (1280 2048 3510.149902 ) (1280 2048 256 ) (1280 1536 256 ) (1280 1536 3510.149902 ) 
4 153 157 (1280 1536 256 ) (1280 2048 256 ) (1536 2048 256 ) (1536 1728 256 ) 
5 153 156 (1280 1024 256 ) (1280 1536 256 ) (1962.666504 2048 256 ) (2048 2048 256 ) (2048 1792 256 ) 
4 153 154 (1280 1024 256 ) (1888 1632 256 ) (2048 1540.461670 256 ) (2048 1024 256 ) 
4 154 182 (1792 1024 256 ) (1280 1024 256 ) (1280 1024 32 ) (1792 1024 32 ) 
4 154 178 (1856 1024 144 ) (1792 1024 144 ) (1792 1024 32 ) (1856 1024 32 ) 
4 154 177 (2048 1024 32 ) (2048 1024 144 ) (1856 1024 144 ) (1856 1024 32 ) 
4 154 176 (2048 1024 144 ) (2048 1024 256 ) (1792 1024 256 ) (1792 1024 144 ) 
4 154 156 (1280 1024 32 ) (1280 1024 256 ) (1888 1632 256 ) (1888 1632 32 ) 
4 154 155 (1280 1024.015625 32 ) (1700.990234 1445.005859 32 ) (2048 1245.316895 32 ) (2048 1024.008423 32 ) 
4 155 183 (1792 1024 32 ) (1280 1024 32 ) (1280 1024 0 ) (1792 1024 0 ) 
4 155 178 (1856 1024 32 ) (1792 1024 32 ) (1792 1024 0 ) (1856 1024 0 ) 
4 155 177 (2048 1024 0 ) (2048 1024 32 ) (1856 1024 32 ) (1856 1024 0 ) 
4 155 160 (2048 1245.316895 0 ) (2048 1024 0 ) (1280 1024 0 ) (1701 1445 0 ) 
4 156 159 (1280 1024 32 ) (1280 1024 256 ) (1280 1536 256 ) (1280 1536 32 ) 
4 156 157 (1280 1536 32 ) (1280 1536 256 ) (1536 1728 256 ) (1536 1728 32 ) 
4 158 161 (1024 2048 3510.149902 ) (1024 2048 256 ) (1024 1536 256 ) (1024 1536 3510.149902 ) 
4 158 159 (1280 1536 256 ) (1280 1536 3510.149902 ) (1024 1536 3510.149902 ) (1024 1536 256 ) 
4 159 182 (1024 1024 3510.149902 ) (1024 1024 32 ) (1280 1024 32 ) (1280 1024 3510.149902 ) 
4 159 167 (1024 1024 142 ) (1024 1024 3510.149902 ) (1024 1280 3510.149902 ) (1024 1280 142 ) 
4 159 166 (1024 1280 3510.149902 ) (1024 1536 3510.149902 ) (1024 1536 32 ) (1024 1280 32 ) 
4 160 185 (2048 1024 -182.154022 ) (2048 1024 -17.538502 ) (1024 1024 -17.538502 ) (1024 1024 -182.154022 ) 
4 160 184 (1280 1024 0 ) (1024 1024 0 ) (1024 1024 -17.538502 ) (1280 1024 -17.538502 ) 
4 160 183 (1792 1024 0 ) (1280 1024 0 ) (1280 1024 -17.538502 ) (1792 1024 -17.538502 ) 
4 160 178 (1856 1024 0 ) (1792 1024 0 ) (1792 1024 -17.538502 ) (1856 1024 -17.538502 ) 
4 160 177 (2048 1024 -17.538502 ) (2048 1024 0 ) (1856 1024 0 ) (1856 1024 -17.538502 ) 
4 160 171 (1024 2048 0 ) (1024 2048 -182.154022 ) (1024 1024 -182.154022 ) (1024 1024 0 ) 
4 161 166 (1024 1536 256 ) (1024 1536 3510.149902 ) (768 1536 3510.149902 ) (768 1536 256 ) 
4 161 162 (768 1536 256 ) (768 1536 3510.149902 ) (768 2048 3510.149902 ) (768 2048 256 ) 
4 162 166 (768 1536 32 ) (768 1536 3510.149902 ) (512 1536 3510.149902 ) (512 1536 32 ) 
4 162 164 (512 1536 256 ) (512 1536 3510.149902 ) (512 1792 3510.149902 ) (512 1792 256 ) 
4 162 163 (512 2048 3510.149902 ) (512 2048 32 ) (512 1792 32 ) (512 1792 3510.149902 ) 
4 163 173 (0 2048 3510.149902 ) (0 2048 32 ) (0 1792 32 ) (0 1792 3510.149902 ) 
4 163 165 (0 1792 3510.149902 ) (0 1792 32 ) (256 1792 32 ) (256 1792 3510.149902 ) 
4 163 164 (512 1792 256 ) (512 1792 3510.149902 ) (256 1792 3510.149902 ) (256 1792 256 ) 
4 164 166 (512 1536 256 ) (512 1536 3510.149902 ) (256 1536 3510.149902 ) (256 1536 256 ) 
4 164 165 (256 1792 3510.149902 ) (256 1792 256 ) (256 1536 256 ) (256 1536 3510.149902 ) 
4 165 173 (0 1792 3510.149902 ) (0 1792 32 ) (0 1536 32 ) (0 1536 3510.149902 ) 
4 165 166 (0 1536 3510.149902 ) (0 1536 32 ) (256 1536 32 ) (256 1536 3510.149902 ) 
4 166 173 (0 1536 3510.149902 ) (0 1536 32 ) (0 1280 32 ) (0 1280 3510.149902 ) 
4 166 169 (768 1280 3510.149902 ) (0 1280 3510.149902 ) (0 1280 32 ) (768 1280 32 ) 
4 166 167 (1024 1280 142 ) (1024 1280 3510.149902 ) (768 1280 3510.149902 ) (768 1280 142 ) 
4 167 188 (1024 1024 142 ) (1024 1024 3510.149902 ) (768 1024 3510.149902 ) (768 1024 142 ) 
4 167 169 (768 1280 3510.149902 ) (768 1280 142 ) (768 1024 142 ) (768 1024 3510.149902 ) 
4 168 190 (1024 1024 0 ) (1024 1024 16 ) (768 1024 16 ) (768 1024 0 ) 
4 168 171 (768 1280 0 ) (1024 1280 0 ) (1024 1024 0 ) (768 1024 0 ) 
4 169 189 (0 1024 142 ) (0 1024 32 ) (768 1024 32 ) (768 1024 142 ) 
4 169 188 (0 1024 3510.149902 ) (0 1024 142 ) (768 1024 142 ) (768 1024 3510.149902 ) 
4 169 173 (0 1024 32 ) (0 1024 3510.149902 ) (0 1280 3510.149902 ) (0 1280 32 ) 
4 169 170 (0 1280 32 ) (512 1280 32 ) (512 1024 32 ) (0 1024 32 ) 
4 170 173 (0 1024 0 ) (0 1024 32 ) (0 1280 32 ) (0 1280 0 ) 
4 170 171 (0 1024 0 ) (0 1280 0 ) (512 1280 0 ) (512 1024 0 ) 
4 171 194 (1024 1024 -182.154022 ) (1024 1024 0 ) (0 1024 0 ) (0 1024 -182.154022 ) 
4 171 173 (0 1024 -182.154022 ) (0 1024 0 ) (0 2048 0 ) (0 2048 -182.154022 ) 
4 172 174 (-1024 2048 -182.154022 ) (-1024 2048 3510.149902 ) (-1024 3060.850342 3510.149902 ) (-1024 3060.850342 -182.154022 ) 
4 172 173 (0 2048 -182.154022 ) (0 2048 3510.149902 ) (-1024 2048 3510.149902 ) (-1024 2048 -182.154022 ) 
4 173 258 (0 1024 -182.154022 ) (0 1024 0 ) (-1024 1024 0 ) (-1024 1024 -182.154022 ) 
4 173 257 (-512 1024 3510.149902 ) (-1024 1024 3510.149902 ) (-1024 1024 32 ) (-512 1024 32 ) 
4 173 253 (0 1024 32 ) (0 1024 3510.149902 ) (-512 1024 3510.149902 ) (-512 1024 32 ) 
4 173 175 (-1024 1024 -182.154022 ) (-1024 1024 3510.149902 ) (-1024 2048 3510.149902 ) (-1024 2048 -182.154022 ) 
4 174 175 (-1024 2048 -182.154022 ) (-1024 2048 3510.149902 ) (-1268.360107 2048 3510.149902 ) (-1268.360107 2048 -182.154022 ) 
4 175 279 (-1024 1024 -182.154022 ) (-1024 1024 3510.149902 ) (-1268.360107 1024 3510.149902 ) (-1268.360107 1024 -182.154022 ) 
4 176 186 (2048 256 144 ) (2048 256 3510.149902 ) (1792 256 3510.149902 ) (1792 256 144 ) 
4 176 182 (1792 1024 3510.149902 ) (1792 1024 144 ) (1792 256 144 ) (1792 256 3510.149902 ) 
4 176 180 (2048 256 144 ) (1792 256 144 ) (1792 512 144 ) (2048 512 144 ) 
4 176 178 (1792 1008 144 ) (1792 1024 144 ) (1856 1024 144 ) (1856 1008 144 ) 
4 176 179 (1792 512 144 ) (1792 768 144 ) (1856 768 144 ) (1856 512 144 ) 
4 176 177 (1856 1024 144 ) (2048 1024 144 ) (2048 512 144 ) (1856 512 144 ) 
4 177 185 (1856 1024 -17.538502 ) (2048 1024 -17.538502 ) (2048 512 -17.538502 ) (1856 512 -17.538502 ) 
4 177 180 (2048 512 144 ) (1856 512 144 ) (1856 512 32 ) (2048 512 32 ) 
4 177 181 (1856 512 0 ) (1856 512 -17.538502 ) (2048 512 -17.538502 ) (2048 512 0 ) 
4 177 178 (1856 1024 -17.538502 ) (1856 1008 -17.538502 ) (1856 1008 144 ) (1856 1024 144 ) 
4 177 179 (1856 768 -17.538502 ) (1856 512 -17.538502 ) (1856 512 144 ) (1856 768 144 ) 
4 178 185 (1792 1008 -17.538502 ) (1792 1024 -17.538502 ) (1856 1024 -17.538502 ) (1856 1008 -17.538502 ) 
4 178 183 (1792 1024 32 ) (1792 1024 -17.538502 ) (1792 1008 -17.538502 ) (1792 1008 32 ) 
4 178 182 (1792 1024 144 ) (1792 1024 32 ) (1792 1008 32 ) (1792 1008 144 ) 
4 179 185 (1792 512 -17.538502 ) (1792 768 -17.538502 ) (1856 768 -17.538502 ) (1856 512 -17.538502 ) 
4 179 183 (1792 768 -17.538502 ) (1792 512 -17.538502 ) (1792 512 32 ) (1792 768 32 ) 
4 179 182 (1792 512 32 ) (1792 512 144 ) (1792 768 144 ) (1792 768 32 ) 
4 179 180 (1856 512 144 ) (1792 512 144 ) (1792 512 32 ) (1856 512 32 ) 
4 179 181 (1792 512 0 ) (1792 512 -17.538502 ) (1856 512 -17.538502 ) (1856 512 0 ) 
4 180 186 (2048 256 32 ) (2048 256 144 ) (1792 256 144 ) (1792 256 32 ) 
4 180 182 (1792 256 32 ) (1792 256 144 ) (1792 512 144 ) (1792 512 32 ) 
4 181 187 (2048 256 -17.538502 ) (2048 256 0 ) (1792 256 0 ) (1792 256 -17.538502 ) 
4 181 185 (2048 256 -17.538502 ) (1792 256 -17.538502 ) (1792 512 -17.538502 ) (2048 512 -17.538502 ) 
4 181 183 (1792 512 -17.538502 ) (1792 256 -17.538502 ) (1792 256 0 ) (1792 512 0 ) 
4 182 191 (1024 256 142 ) (1024 256 3510.149902 ) (1024 768 3510.149902 ) (1024 768 142 ) 
4 182 188 (1024 768 3510.149902 ) (1024 1024 3510.149902 ) (1024 1024 142 ) (1024 768 142 ) 
4 182 186 (1024 256 3510.149902 ) (1024 256 32 ) (1792 256 32 ) (1792 256 3510.149902 ) 
4 182 183 (1792 1024 32 ) (1792 256 32 ) (1280 256 32 ) (1280 1024 32 ) 
4 183 187 (1280 256 -17.538502 ) (1792 256 -17.538502 ) (1792 256 0 ) (1280 256 0 ) 
4 183 185 (1792 256 -17.538502 ) (1280 256 -17.538502 ) (1280 1024 -17.538502 ) (1792 1024 -17.538502 ) 
4 183 184 (1280 1024 -17.538502 ) (1280 256 -17.538502 ) (1280 256 0 ) (1280 1024 0 ) 
4 184 194 (1024 256 -17.538502 ) (1024 256 0 ) (1024 1024 0 ) (1024 1024 -17.538502 ) 
4 184 187 (1024 256 0 ) (1024 256 -17.538502 ) (1280 256 -17.538502 ) (1280 256 0 ) 
4 184 185 (1280 256 -17.538502 ) (1024 256 -17.538502 ) (1024 1024 -17.538502 ) (1280 1024 -17.538502 ) 
4 185 194 (1024 256 -182.154022 ) (1024 256 -17.538502 ) (1024 1024 -17.538502 ) (1024 1024 -182.154022 ) 
4 185 187 (2048 256 -182.154022 ) (2048 256 -17.538502 ) (1024 256 -17.538502 ) (1024 256 -182.154022 ) 
4 186 196 (2048 0 32 ) (2048 0 142 ) (1792 0 142 ) (1792 0 32 ) 
4 186 195 (2048 0 142 ) (2048 0 3510.149902 ) (1024 0 3510.149902 ) (1024 0 142 ) 
4 186 193 (1024 0 32 ) (1024 0 3510.149902 ) (1024 256 3510.149902 ) (1024 256 32 ) 
4 187 205 (2048 0 -182.154022 ) (2048 0 0 ) (1024 0 0 ) (1024 0 -182.154022 ) 
4 187 194 (1024 0 -182.154022 ) (1024 0 0 ) (1024 256 0 ) (1024 256 -182.154022 ) 
4 188 253 (0 1024 3510.149902 ) (0 1024 142 ) (0 768 142 ) (0 768 3510.149902 ) 
4 188 191 (0 768 3510.149902 ) (0 768 142 ) (1024 768 142 ) (1024 768 3510.149902 ) 
4 188 189 (768 768 142 ) (0 768 142 ) (0 1024 142 ) (768 1024 142 ) 
4 189 253 (0 1024 142 ) (0 1024 32 ) (0 768 32 ) (0 768 142 ) 
4 190 194 (768 1024 0 ) (1024 1024 0 ) (1024 768 0 ) (768 768 0 ) 
4 190 192 (768 768 0 ) (1024 768 0 ) (1024 768 16 ) (768 768 16 ) 
4 191 254 (0 768 3510.149902 ) (0 768 142 ) (0 256 142 ) (0 256 3510.149902 ) 
4 191 193 (1024 256 142 ) (1024 256 3510.149902 ) (0 256 3510.149902 ) (0 256 142 ) 
4 192 255 (0 768 16 ) (0 768 0 ) (0 256 0 ) (0 256 16 ) 
4 192 194 (1024 768 0 ) (1024 256 0 ) (0 256 0 ) (0 768 0 ) 
4 193 256 (0 0 32 ) (0 0 3510.149902 ) (0 256 3510.149902 ) (0 256 32 ) 
4 193 209 (768 0 384 ) (512 0 384 ) (512 0 32 ) (768 0 32 ) 
4 193 208 (1024 0 142 ) (1024 0 384 ) (768 0 384 ) (768 0 142 ) 
4 193 207 (512 0 3510.149902 ) (0 0 3510.149902 ) (0 0 400 ) (512 0 400 ) 
4 193 206 (1024 0 384 ) (1024 0 3510.149902 ) (512 0 3510.149902 ) (512 0 384 ) 
4 194 258 (0 0 -182.154022 ) (0 0 0 ) (0 1024 0 ) (0 1024 -182.154022 ) 
4 194 252 (1024 0 -182.154022 ) (1024 0 0 ) (0 0 0 ) (0 0 -182.154022 ) 
4 195 281 (2048 -1024 142 ) (2048 -1024 3510.149902 ) (1024 -1024 3510.149902 ) (1024 -1024 142 ) 
4 195 227 (1024 -768 142 ) (1024 -1024 142 ) (1024 -1024 240 ) (1024 -768 240 ) 
4 195 226 (1024 -512 142 ) (1024 -768 142 ) (1024 -768 240 ) (1024 -512 240 ) 
4 195 223 (1024 -1024 240 ) (1024 -1024 3510.149902 ) (1024 -512 3510.149902 ) (1024 -512 240 ) 
4 195 208 (1024 0 384 ) (1024 0 142 ) (1024 -512 142 ) (1024 -512 384 ) 
4 195 206 (1024 0 3510.149902 ) (1024 0 384 ) (1024 -512 384 ) (1024 -512 3510.149902 ) 
4 195 203 (1024 -768 142 ) (1024 -512 142 ) (1280 -512 142 ) (1280 -768 142 ) 
4 195 201 (1536 -768 142 ) (1280 -768 142 ) (1280 -256 142 ) (1536 -256 142 ) 
4 195 199 (1792 -256 142 ) (1792 -512 142 ) (1536 -512 142 ) (1536 -256 142 ) 
4 195 196 (1792 0 142 ) (2048 0 142 ) (2048 -512 142 ) (1792 -512 142 ) 
4 196 199 (1792 -512 32 ) (1792 -512 142 ) (1792 -256 142 ) (1792 -256 32 ) 
4 197 205 (2048 -512 0 ) (2048 -768 0 ) (1792 -768 0 ) (1792 -512 0 ) 
4 197 204 (1792 -768 0 ) (2048 -768 0 ) (2048 -768 16 ) (1792 -768 16 ) 
4 197 200 (1792 -512 0 ) (1792 -768 0 ) (1792 -768 16 ) (1792 -512 16 ) 
4 198 205 (1280 0 0 ) (1792 0 0 ) (1792 -256 0 ) (1280 -256 0 ) 
4 198 202 (1280 0 0 ) (1280 -256 0 ) (1280 -256 16 ) (1280 0 16 ) 
4 199 201 (1536 -256 142 ) (1536 -256 32 ) (1536 -512 32 ) (1536 -512 142 ) 
4 200 205 (1792 -512 0 ) (1792 -768 0 ) (1536 -768 0 ) (1536 -512 0 ) 
4 200 204 (1536 -768 0 ) (1792 -768 0 ) (1792 -768 16 ) (1536 -768 16 ) 
4 201 203 (1280 -768 32 ) (1280 -768 142 ) (1280 -512 142 ) (1280 -512 32 ) 
4 202 250 (1024 0 16 ) (1024 0 0 ) (1024 -512 0 ) (1024 -512 16 ) 
4 202 205 (1024 -512 0 ) (1024 0 0 ) (1280 0 0 ) (1280 -512 0 ) 
4 203 226 (1024 -768 32 ) (1024 -768 142 ) (1024 -512 142 ) (1024 -512 32 ) 
4 204 251 (1024 -768 0 ) (1024 -1024 0 ) (1024 -1024 16 ) (1024 -768 16 ) 
4 204 205 (2048 -1024 0 ) (1024 -1024 0 ) (1024 -768 0 ) (2048 -768 0 ) 
4 205 287 (2048 -1024 -182.154022 ) (2048 -1024 0 ) (1024 -1024 0 ) (1024 -1024 -182.154022 ) 
4 205 252 (1024 0 0 ) (1024 0 -182.154022 ) (1024 -1024 -182.154022 ) (1024 -1024 0 ) 
4 206 223 (512 -512 384 ) (1024 -512 384 ) (1024 -512 3510.149902 ) (512 -512 3510.149902 ) 
4 206 216 (768 -512 384 ) (512 -512 384 ) (512 -368 384 ) (768 -368 384 ) 
4 206 212 (512 -368 384 ) (512 -240 384 ) (572 -240 384 ) (572 -368 384 ) 
4 206 211 (572 -240 384 ) (768 -240 384 ) (768 -368 384 ) (572 -368 384 ) 
4 206 209 (512 -240 384 ) (512 0 384 ) (768 0 384 ) (768 -240 384 ) 
4 206 208 (1024 -512 384 ) (768 -512 384 ) (768 0 384 ) (1024 0 384 ) 
4 206 207 (512 -512 400 ) (512 -512 3510.149902 ) (512 0 3510.149902 ) (512 0 400 ) 
4 207 259 (0 0 3510.149902 ) (0 0 400 ) (0 -512 400 ) (0 -512 3510.149902 ) 
4 207 224 (0 -512 3510.149902 ) (0 -512 400 ) (512 -512 400 ) (512 -512 3510.149902 ) 
4 208 226 (1024 -512 142 ) (1024 -512 240 ) (768 -512 240 ) (768 -512 142 ) 
4 208 223 (1024 -512 240 ) (1024 -512 384 ) (768 -512 384 ) (768 -512 240 ) 
4 208 216 (768 -512 142 ) (768 -512 384 ) (768 -368 384 ) (768 -368 142 ) 
4 208 214 (768 -240 256 ) (768 -240 142 ) (768 -368 142 ) (768 -368 256 ) 
4 208 211 (768 -368 384 ) (768 -240 384 ) (768 -240 256 ) (768 -368 256 ) 
4 208 209 (768 -240 384 ) (768 0 384 ) (768 0 142 ) (768 -240 142 ) 
4 209 214 (768 -240 32 ) (768 -240 256 ) (512 -240 256 ) (512 -240 32 ) 
4 209 212 (572 -240 384 ) (512 -240 384 ) (512 -240 272 ) (572 -240 272 ) 
4 209 211 (768 -240 256 ) (768 -240 384 ) (572 -240 384 ) (572 -240 256 ) 
4 210 218 (320 -16 16 ) (320 -240 16 ) (320 -240 384 ) (320 -16 384 ) 
4 210 215 (320 -240 256 ) (320 -240 16 ) (496 -240 16 ) (496 -240 256 ) 
4 210 212 (496 -240 272 ) (496 -240 384 ) (448 -240 384 ) (448 -240 272 ) 
4 210 213 (320 -240 384 ) (320 -240 256 ) (448 -240 256 ) (448 -240 384 ) 
4 211 216 (572 -368 256 ) (768 -368 256 ) (768 -368 384 ) (572 -368 384 ) 
4 211 214 (768 -368 256 ) (572 -368 256 ) (572 -240 256 ) (768 -240 256 ) 
4 211 212 (572 -240 384 ) (572 -240 272 ) (572 -368 272 ) (572 -368 384 ) 
4 212 217 (496 -368 384 ) (448 -368 384 ) (448 -368 272 ) (496 -368 272 ) 
4 212 216 (572 -368 272 ) (572 -368 384 ) (512 -368 384 ) (512 -368 272 ) 
4 212 213 (448 -240 384 ) (448 -240 272 ) (448 -368 272 ) (448 -368 384 ) 
4 213 218 (320 -368 256 ) (320 -368 384 ) (320 -240 384 ) (320 -240 256 ) 
4 213 217 (320 -368 384 ) (320 -368 256 ) (448 -368 256 ) (448 -368 384 ) 
4 213 215 (448 -368 256 ) (320 -368 256 ) (320 -240 256 ) (448 -240 256 ) 
4 214 216 (768 -368 32 ) (768 -368 256 ) (512 -368 256 ) (512 -368 32 ) 
4 215 218 (320 -240 16 ) (320 -368 16 ) (320 -368 256 ) (320 -240 256 ) 
4 215 217 (320 -368 256 ) (320 -368 16 ) (496 -368 16 ) (496 -368 256 ) 
4 216 228 (768 -512 32 ) (768 -512 240 ) (512 -512 240 ) (512 -512 32 ) 
4 216 223 (768 -512 240 ) (768 -512 384 ) (512 -512 384 ) (512 -512 240 ) 
4 217 219 (320 -496 144 ) (320 -496 384 ) (320 -464 384 ) (320 -464 144 ) 
4 217 220 (320 -464 16 ) (320 -496 16 ) (320 -496 128 ) (320 -464 128 ) 
4 217 218 (320 -368 16 ) (320 -464 16 ) (320 -464 384 ) (320 -368 384 ) 
4 218 260 (0 -16 16 ) (0 -464 16 ) (0 -464 384 ) (0 -16 384 ) 
4 218 219 (320 -464 144 ) (320 -464 384 ) (192 -464 384 ) (192 -464 144 ) 
4 218 220 (192 -464 16 ) (320 -464 16 ) (320 -464 128 ) (192 -464 128 ) 
4 218 221 (0 -464 16 ) (192 -464 16 ) (192 -464 384 ) (0 -464 384 ) 
4 219 222 (320 -496 144 ) (320 -496 248 ) (192 -496 248 ) (192 -496 144 ) 
4 219 221 (192 -464 384 ) (192 -464 144 ) (192 -496 144 ) (192 -496 384 ) 
4 220 221 (192 -464 128 ) (192 -464 16 ) (192 -496 16 ) (192 -496 128 ) 
4 221 260 (0 -464 16 ) (0 -496 16 ) (0 -496 384 ) (0 -464 384 ) 
4 222 231 (320 -512 144 ) (320 -512 240 ) (192 -512 240 ) (192 -512 144 ) 
4 222 224 (320 -512 240 ) (320 -512 248 ) (192 -512 248 ) (192 -512 240 ) 
4 223 288 (1024 -1024 240 ) (1024 -1024 3510.149902 ) (512 -1024 3510.149902 ) (512 -1024 240 ) 
4 223 228 (512 -512 240 ) (768 -512 240 ) (768 -1024 240 ) (512 -1024 240 ) 
4 223 227 (1024 -768 240 ) (1024 -1024 240 ) (768 -1024 240 ) (768 -768 240 ) 
4 223 226 (768 -512 240 ) (1024 -512 240 ) (1024 -768 240 ) (768 -768 240 ) 
4 223 225 (512 -1024 256 ) (512 -1024 3510.149902 ) (512 -704 3510.149902 ) (512 -704 256 ) 
4 223 224 (512 -512 240 ) (512 -704 240 ) (512 -704 3510.149902 ) (512 -512 3510.149902 ) 
4 224 262 (0 -704 3510.149902 ) (0 -512 3510.149902 ) (0 -512 240 ) (0 -704 240 ) 
4 224 243 (0 -512 240 ) (16 -512 240 ) (16 -704 240 ) (0 -704 240 ) 
4 224 231 (192 -512 240 ) (320 -512 240 ) (320 -704 240 ) (192 -704 240 ) 
4 224 232 (16 -512 240 ) (192 -512 240 ) (192 -704 240 ) (16 -704 240 ) 
4 224 229 (320 -512 240 ) (512 -512 240 ) (512 -704 240 ) (320 -704 240 ) 
4 224 225 (512 -704 256 ) (512 -704 3510.149902 ) (0 -704 3510.149902 ) (0 -704 256 ) 
4 225 288 (512 -1024 3510.149902 ) (0 -1024 3510.149902 ) (0 -1024 256 ) (512 -1024 256 ) 
4 225 263 (0 -1024 256 ) (0 -1024 3510.149902 ) (0 -768 3510.149902 ) (0 -768 256 ) 
4 225 262 (0 -768 3510.149902 ) (0 -704 3510.149902 ) (0 -704 256 ) (0 -768 256 ) 
4 226 228 (768 -768 240 ) (768 -512 240 ) (768 -512 32 ) (768 -768 32 ) 
4 226 227 (768 -768 240 ) (768 -768 142 ) (1024 -768 142 ) (1024 -768 240 ) 
4 227 288 (1024 -1024 142 ) (1024 -1024 240 ) (768 -1024 240 ) (768 -1024 142 ) 
4 227 228 (768 -1024 240 ) (768 -768 240 ) (768 -768 142 ) (768 -1024 142 ) 
4 228 288 (768 -1024 240 ) (512 -1024 240 ) (512 -1024 32 ) (768 -1024 32 ) 
4 228 229 (512 -704 240 ) (512 -512 240 ) (512 -512 32 ) (512 -704 32 ) 
4 229 233 (320 -512 128 ) (320 -512 32 ) (320 -704 32 ) (320 -704 128 ) 
4 229 231 (320 -704 240 ) (320 -512 240 ) (320 -512 144 ) (320 -704 144 ) 
4 230 235 (320 -940 240 ) (320 -720 240 ) (320 -720 144 ) (320 -940 144 ) 
4 230 236 (320 -720 128 ) (320 -720 16 ) (320 -940 16 ) (320 -940 128 ) 
4 230 237 (320 -1008 240 ) (320 -940 240 ) (320 -940 16 ) (320 -1008 16 ) 
4 231 234 (320 -704 144 ) (320 -704 240 ) (192 -704 240 ) (192 -704 144 ) 
4 231 232 (192 -704 144 ) (192 -704 240 ) (192 -512 240 ) (192 -512 144 ) 
4 232 243 (16 -704 240 ) (16 -512 240 ) (16 -512 128 ) (16 -704 128 ) 
4 232 233 (192 -704 128 ) (16 -704 128 ) (16 -512 128 ) (192 -512 128 ) 
4 233 243 (16 -512 128 ) (16 -512 32 ) (16 -704 32 ) (16 -704 128 ) 
4 234 235 (192 -720 240 ) (192 -720 144 ) (320 -720 144 ) (320 -720 240 ) 
4 235 239 (192 -940 144 ) (192 -940 240 ) (192 -856 240 ) (192 -856 144 ) 
4 235 238 (192 -856 240 ) (192 -720 240 ) (192 -720 144 ) (192 -856 144 ) 
4 235 237 (192 -940 240 ) (192 -940 144 ) (320 -940 144 ) (320 -940 240 ) 
4 236 240 (192 -856 16 ) (192 -940 16 ) (192 -940 128 ) (192 -856 128 ) 
4 236 238 (192 -720 16 ) (192 -856 16 ) (192 -856 128 ) (192 -720 128 ) 
4 236 237 (192 -940 128 ) (192 -940 16 ) (320 -940 16 ) (320 -940 128 ) 
4 237 242 (192 -940 16 ) (192 -1008 16 ) (192 -1008 240 ) (192 -940 240 ) 
4 238 239 (116 -856 240 ) (116 -856 144 ) (192 -856 144 ) (192 -856 240 ) 
4 238 240 (116 -856 128 ) (116 -856 16 ) (192 -856 16 ) (192 -856 128 ) 
4 238 241 (116 -720 240 ) (116 -720 16 ) (116 -856 16 ) (116 -856 240 ) 
4 239 242 (192 -940 144 ) (192 -940 240 ) (116 -940 240 ) (116 -940 144 ) 
4 239 241 (116 -940 144 ) (116 -940 240 ) (116 -856 240 ) (116 -856 144 ) 
4 240 242 (116 -940 16 ) (192 -940 16 ) (192 -940 128 ) (116 -940 128 ) 
4 240 241 (116 -856 16 ) (116 -940 16 ) (116 -940 128 ) (116 -856 128 ) 
4 241 249 (16 -860 40 ) (16 -860 16 ) (16 -936 16 ) (16 -936 40 ) 
4 241 248 (16 -860 48 ) (16 -860 40 ) (16 -936 40 ) (16 -936 48 ) 
4 241 247 (16 -860 56 ) (16 -860 48 ) (16 -936 48 ) (16 -936 56 ) 
4 241 246 (16 -860 64 ) (16 -860 56 ) (16 -936 56 ) (16 -936 64 ) 
4 241 244 (16 -860 176 ) (16 -860 64 ) (16 -936 64 ) (16 -936 176 ) 
4 241 242 (16 -940 240 ) (16 -940 16 ) (116 -940 16 ) (116 -940 240 ) 
4 243 262 (0 -704 240 ) (0 -512 240 ) (0 -512 32 ) (0 -704 32 ) 
4 244 246 (16 -936 64 ) (12 -936 64 ) (12 -860 64 ) (16 -860 64 ) 
4 244 245 (12 -936 72 ) (12 -936 176 ) (12 -860 176 ) (12 -860 72 ) 
4 245 263 (0 -860 176 ) (0 -860 72 ) (0 -936 72 ) (0 -936 176 ) 
4 246 247 (16 -936 56 ) (6.961551 -936 56 ) (6.961551 -860 56 ) (16 -860 56 ) 
4 247 248 (16 -936 48 ) (8 -936 48 ) (8 -860 48 ) (16 -860 48 ) 
4 248 249 (16 -936 40 ) (8 -936 40 ) (8 -860 40 ) (16 -860 40 ) 
4 250 252 (768 0 0 ) (1024 0 0 ) (1024 -512 0 ) (768 -512 0 ) 
4 251 252 (1024 -1024 0 ) (768 -1024 0 ) (768 -768 0 ) (1024 -768 0 ) 
4 252 294 (1024 -1024 -182.154022 ) (1024 -1024 0 ) (0 -1024 0 ) (0 -1024 -182.154022 ) 
4 252 276 (0 -1024 -182.154022 ) (0 -1024 0 ) (0 -512 0 ) (0 -512 -182.154022 ) 
4 252 261 (0 -512 0 ) (0 0 0 ) (0 0 -182.154022 ) (0 -512 -182.154022 ) 
4 253 257 (-512 768 32 ) (-512 768 3510.149902 ) (-512 1024 3510.149902 ) (-512 1024 32 ) 
4 253 254 (-512 768 3510.149902 ) (-512 768 142 ) (0 768 142 ) (0 768 3510.149902 ) 
4 254 257 (-512 256 142 ) (-512 256 3510.149902 ) (-512 768 3510.149902 ) (-512 768 142 ) 
4 254 256 (-512 256 3510.149902 ) (-512 256 142 ) (0 256 142 ) (0 256 3510.149902 ) 
4 255 258 (0 768 0 ) (0 256 0 ) (-512 256 0 ) (-512 768 0 ) 
4 256 259 (0 0 400 ) (0 0 3510.149902 ) (-512 0 3510.149902 ) (-512 0 400 ) 
4 256 257 (-512 0 32 ) (-512 0 3510.149902 ) (-512 256 3510.149902 ) (-512 256 32 ) 
4 257 279 (-1024 1024 3510.149902 ) (-1024 1024 32 ) (-1024 0 32 ) (-1024 0 3510.149902 ) 
4 257 277 (-1024 0 3510.149902 ) (-1024 0 32 ) (-512 0 32 ) (-512 0 3510.149902 ) 
4 258 279 (-1024 1024 0 ) (-1024 1024 -182.154022 ) (-1024 0 -182.154022 ) (-1024 0 0 ) 
4 258 278 (-512 0 0 ) (-1024 0 0 ) (-1024 0 -182.154022 ) (-512 0 -182.154022 ) 
4 258 261 (0 0 -182.154022 ) (0 0 0 ) (-512 0 0 ) (-512 0 -182.154022 ) 
4 259 277 (-512 0 3510.149902 ) (-512 0 400 ) (-512 -512 400 ) (-512 -512 3510.149902 ) 
4 259 262 (-512 -512 3510.149902 ) (-512 -512 400 ) (0 -512 400 ) (0 -512 3510.149902 ) 
4 261 278 (-512 0 0 ) (-512 0 -182.154022 ) (-512 -512 -182.154022 ) (-512 -512 0 ) 
4 261 276 (-512 -512 0 ) (-512 -512 -182.154022 ) (0 -512 -182.154022 ) (0 -512 0 ) 
4 262 277 (-512 -512 3510.149902 ) (-512 -512 32 ) (-512 -768 32 ) (-512 -768 3510.149902 ) 
4 262 275 (-512 -768 3510.149902 ) (-512 -768 256 ) (-181 -768 256 ) (-181 -768 3510.149902 ) 
4 262 271 (0 -768 40 ) (0 -768 48 ) (-179.962006 -768 48 ) (-179.962006 -768 40 ) 
4 262 273 (-179.962006 -768 48 ) (-181 -768 48 ) (-181 -768 40 ) (-179.962006 -768 40 ) 
4 262 269 (0 -768 48 ) (0 -768 56 ) (-181 -768 56 ) (-181 -768 48 ) 
4 262 267 (0 -768 56 ) (0 -768 64 ) (-181 -768 64 ) (-181 -768 56 ) 
4 262 264 (0 -768 64 ) (0 -768 72 ) (-179.962006 -768 72 ) (-179.962006 -768 64 ) 
4 262 266 (-179.962006 -768 72 ) (-181 -768 72 ) (-181 -768 64 ) (-179.962006 -768 64 ) 
4 262 263 (0 -768 72 ) (0 -768 3510.149902 ) (-181 -768 3510.149902 ) (-181 -768 72 ) 
4 263 297 (0 -1024 72 ) (0 -1024 3510.149902 ) (-181 -1024 3510.149902 ) (-181 -1024 72 ) 
4 263 275 (-181 -768 3510.149902 ) (-181 -768 256 ) (-181 -1024 256 ) (-181 -1024 3510.149902 ) 
4 263 264 (-179.962006 -832 72 ) (-179.962006 -768 72 ) (0 -768 72 ) (0 -832 72 ) 
4 263 265 (0 -1024 72 ) (-179.962006 -1024 72 ) (-179.962006 -960 72 ) (0 -960 72 ) 
4 263 266 (-179.962006 -1024 72 ) (-181 -1024 72 ) (-181 -768 72 ) (-179.962006 -768 72 ) 
4 264 267 (-179.962006 -768 64 ) (0 -768 64 ) (0 -816 64 ) (-179.962006 -816 64 ) 
4 264 266 (-179.962006 -768 64 ) (-179.962006 -832 64 ) (-179.962006 -832 72 ) (-179.962006 -768 72 ) 
4 265 297 (0 -1024 64 ) (0 -1024 72 ) (-179.962006 -1024 72 ) (-179.962006 -1024 64 ) 
4 265 268 (0 -976 64 ) (0 -1024 64 ) (-179.962006 -1024 64 ) (-179.962006 -976 64 ) 
4 265 266 (-179.962006 -960 64 ) (-179.962006 -1024 64 ) (-179.962006 -1024 72 ) (-179.962006 -960 72 ) 
4 266 297 (-179.962006 -1024 72 ) (-181 -1024 72 ) (-181 -1024 64 ) (-179.962006 -1024 64 ) 
4 266 267 (-181 -816 64 ) (-181 -768 64 ) (-179.962006 -768 64 ) (-179.962006 -816 64 ) 
4 266 268 (-181 -1024 64 ) (-181 -976 64 ) (-179.962006 -976 64 ) (-179.962006 -1024 64 ) 
4 267 269 (-181 -800 56 ) (-181 -768 56 ) (0 -768 56 ) (0 -800 56 ) 
4 268 297 (0 -1024 56 ) (0 -1024 64 ) (-181 -1024 64 ) (-181 -1024 56 ) 
4 268 270 (0 -1024 56 ) (-181 -1024 56 ) (-181 -992 56 ) (0 -992 56 ) 
4 269 271 (-179.962006 -768 48 ) (0 -768 48 ) (0 -784 48 ) (-179.962006 -784 48 ) 
4 269 273 (-181 -800 48 ) (-181 -768 48 ) (-179.962006 -768 48 ) (-179.962006 -800 48 ) 
4 270 297 (0 -1024 48 ) (0 -1024 56 ) (-181 -1024 56 ) (-181 -1024 48 ) 
4 270 272 (0 -1024 48 ) (-179.962006 -1024 48 ) (-179.962006 -1008 48 ) (0 -1008 48 ) 
4 270 273 (-179.962006 -1024 48 ) (-181 -1024 48 ) (-181 -992 48 ) (-179.962006 -992 48 ) 
4 271 273 (-179.962006 -768 40 ) (-179.962006 -784 40 ) (-179.962006 -784 48 ) (-179.962006 -768 48 ) 
4 272 297 (0 -1024 40 ) (0 -1024 48 ) (-179.962006 -1024 48 ) (-179.962006 -1024 40 ) 
4 272 273 (-179.962006 -1008 40 ) (-179.962006 -1024 40 ) (-179.962006 -1024 48 ) (-179.962006 -1008 48 ) 
4 273 297 (-179.962006 -1024 48 ) (-181 -1024 48 ) (-181 -1024 40 ) (-179.962006 -1024 40 ) 
4 274 276 (-181 -768 0 ) (0 -768 0 ) (0 -1024 0 ) (-181 -1024 0 ) 
4 275 298 (-512 -1024 3510.149902 ) (-512 -1024 256 ) (-181 -1024 256 ) (-181 -1024 3510.149902 ) 
4 275 277 (-512 -1024 256 ) (-512 -1024 3510.149902 ) (-512 -768 3510.149902 ) (-512 -768 256 ) 
4 276 305 (0 -1024 -182.154022 ) (0 -1024 0 ) (-512 -1024 0 ) (-512 -1024 -182.154022 ) 
4 276 278 (-512 -1024 -182.154022 ) (-512 -1024 0 ) (-512 -512 0 ) (-512 -512 -182.154022 ) 
4 277 304 (-512 -1024 32 ) (-512 -1024 3510.149902 ) (-1024 -1024 3510.149902 ) (-1024 -1024 32 ) 
4 277 280 (-1024 -1024 32 ) (-1024 -1024 3510.149902 ) (-1024 0 3510.149902 ) (-1024 0 32 ) 
4 278 305 (-512 -1024 -182.154022 ) (-512 -1024 0 ) (-1024 -1024 0 ) (-1024 -1024 -182.154022 ) 
4 278 280 (-1024 -1024 -182.154022 ) (-1024 -1024 0 ) (-1024 0 0 ) (-1024 0 -182.154022 ) 
4 279 280 (-1024 0 -182.154022 ) (-1024 0 3510.149902 ) (-1268.360107 0 3510.149902 ) (-1268.360107 0 -182.154022 ) 
4 280 306 (-1024 -1024 -182.154022 ) (-1024 -1024 3510.149902 ) (-1268.360107 -1024 3510.149902 ) (-1268.360107 -1024 -182.154022 ) 
4 281 288 (1024 -1024 3510.149902 ) (1024 -1024 32 ) (1024 -1280 32 ) (1024 -1280 3510.149902 ) 
4 281 284 (1280 -1280 3510.149902 ) (1024 -1280 3510.149902 ) (1024 -1280 256 ) (1280 -1280 256 ) 
4 281 283 (1536 -1280 3510.149902 ) (1280 -1280 3510.149902 ) (1280 -1280 32 ) (1536 -1280 32 ) 
4 281 282 (2048 -1280 32 ) (2048 -1280 3510.149902 ) (1536 -1280 3510.149902 ) (1536 -1280 32 ) 
4 282 287 (1536 -1280 0 ) (2048 -1280 0 ) (2048 -1536 0 ) (1536 -1536 0 ) 
4 282 286 (1536 -1536 0 ) (2048 -1536 0 ) (2048 -1536 32 ) (1536 -1536 32 ) 
4 282 285 (2048 -1536 32 ) (2048 -1536 3510.149902 ) (1536 -1536 3510.149902 ) (1536 -1536 32 ) 
4 282 283 (1536 -1536 32 ) (1536 -1536 3510.149902 ) (1536 -1280 3510.149902 ) (1536 -1280 32 ) 
4 283 285 (1536 -1536 32 ) (1536 -1536 3510.149902 ) (1280 -1536 3510.149902 ) (1280 -1536 32 ) 
4 283 284 (1280 -1280 3510.149902 ) (1280 -1280 256 ) (1280 -1536 256 ) (1280 -1536 3510.149902 ) 
4 284 289 (1024 -1536 256 ) (1024 -1536 3510.149902 ) (1024 -1280 3510.149902 ) (1024 -1280 256 ) 
4 284 285 (1024 -1536 3510.149902 ) (1024 -1536 256 ) (1280 -1536 256 ) (1280 -1536 3510.149902 ) 
4 285 295 (2048 -2048 32 ) (2048 -2048 3510.149902 ) (1024 -2048 3510.149902 ) (1024 -2048 32 ) 
4 285 293 (1024 -2048 32 ) (1024 -2048 3510.149902 ) (1024 -1536 3510.149902 ) (1024 -1536 32 ) 
4 285 286 (2048 -2048 32 ) (1536 -2048 32 ) (1536 -1536 32 ) (2048 -1536 32 ) 
4 286 295 (2048 -2048 0 ) (2048 -2048 32 ) (1536 -2048 32 ) (1536 -2048 0 ) 
4 286 287 (2048 -2048 0 ) (1536 -2048 0 ) (1536 -1536 0 ) (2048 -1536 0 ) 
4 287 295 (2048 -2048 -182.154022 ) (2048 -2048 0 ) (1024 -2048 0 ) (1024 -2048 -182.154022 ) 
4 287 294 (1024 -1024 0 ) (1024 -1024 -182.154022 ) (1024 -2048 -182.154022 ) (1024 -2048 0 ) 
4 288 297 (0 -1024 3510.149902 ) (0 -1024 32 ) (0 -1280 32 ) (0 -1280 3510.149902 ) 
4 288 292 (74 -1280 32 ) (437 -1280 32 ) (437 -1280 48 ) (74 -1280 48 ) 
4 288 290 (0 -1280 256 ) (0 -1280 48 ) (437 -1280 48 ) (437 -1280 256 ) 
4 288 289 (0 -1280 3510.149902 ) (0 -1280 256 ) (1024 -1280 256 ) (1024 -1280 3510.149902 ) 
4 289 300 (0 -1536 256 ) (0 -1536 3510.149902 ) (0 -1280 3510.149902 ) (0 -1280 256 ) 
4 289 293 (1024 -1536 256 ) (1024 -1536 3510.149902 ) (0 -1536 3510.149902 ) (0 -1536 256 ) 
4 289 290 (693 -1536 256 ) (0 -1536 256 ) (0 -1280 256 ) (437 -1280 256 ) 
4 290 300 (0 -1536 48 ) (0 -1536 256 ) (0 -1280 256 ) (0 -1280 48 ) 
4 290 293 (693 -1536 256 ) (0 -1536 256 ) (0 -1536 48 ) (693 -1536 48 ) 
4 290 292 (693 -1536 48 ) (323 -1536 48 ) (74 -1280 48 ) (437 -1280 48 ) 
4 290 291 (0 -1520 48 ) (0 -1296 48 ) (69.350388 -1296 48 ) (307 -1520 48 ) 
4 291 301 (0 -1520 48 ) (0 -1296 48 ) (0 -1296 16 ) (0 -1520 16 ) 
4 292 293 (693 -1536 48 ) (323 -1536 48 ) (323 -1536 32 ) (693 -1536 32 ) 
4 293 303 (0 -2048 32 ) (0 -2048 3510.149902 ) (0 -1536 3510.149902 ) (0 -1536 32 ) 
4 293 296 (1024 -2048 32 ) (1024 -2048 3510.149902 ) (0 -2048 3510.149902 ) (0 -2048 32 ) 
4 294 305 (0 -1024 0 ) (0 -1024 -182.154022 ) (0 -2048 -182.154022 ) (0 -2048 0 ) 
4 294 296 (1024 -2048 -182.154022 ) (1024 -2048 0 ) (0 -2048 0 ) (0 -2048 -182.154022 ) 
4 295 296 (1024 -2292.850098 3510.149902 ) (1024 -2048 3510.149902 ) (1024 -2048 -182.154022 ) (1024 -2292.850098 -182.154022 ) 
4 296 307 (0 -2292.850098 3510.149902 ) (0 -2048 3510.149902 ) (0 -2048 -182.154022 ) (0 -2292.850098 -182.154022 ) 
4 297 300 (0 -1280 48 ) (0 -1280 3510.149902 ) (-181 -1280 3510.149902 ) (-181 -1280 48 ) 
4 297 299 (-181 -1280 32 ) (-181 -1280 256 ) (-181 -1024 256 ) (-181 -1024 32 ) 
4 297 298 (-181 -1280 256 ) (-181 -1280 3510.149902 ) (-181 -1024 3510.149902 ) (-181 -1024 256 ) 
4 298 304 (-512 -1024 3510.149902 ) (-512 -1024 256 ) (-512 -1280 256 ) (-512 -1280 3510.149902 ) 
4 298 300 (-512 -1280 3510.149902 ) (-512 -1280 256 ) (-181 -1280 256 ) (-181 -1280 3510.149902 ) 
3 298 299 (-181 -1024 256 ) (-181 -1280 256 ) (-512 -1280 256 ) 
4 299 302 (-512 -1280 48 ) (-512 -1280 32 ) (-181 -1280 32 ) (-181 -1280 48 ) 
4 299 300 (-512 -1280 256 ) (-512 -1280 48 ) (-181 -1280 48 ) (-181 -1280 256 ) 
4 300 304 (-512 -1536 48 ) (-512 -1536 3510.149902 ) (-512 -1280 3510.149902 ) (-512 -1280 48 ) 
4 300 303 (-512 -1536 3510.149902 ) (-512 -1536 48 ) (0 -1536 48 ) (0 -1536 3510.149902 ) 
4 300 302 (-379 -1536 48 ) (-512 -1536 48 ) (-512 -1280 48 ) (-181 -1280 48 ) 
4 300 301 (-363 -1520 48 ) (-174.026062 -1296 48 ) (0 -1296 48 ) (0 -1520 48 ) 
4 302 304 (-512 -1536 32 ) (-512 -1536 48 ) (-512 -1280 48 ) (-512 -1280 32 ) 
4 302 303 (-512 -1536 48 ) (-512 -1536 32 ) (-379 -1536 32 ) (-379 -1536 48 ) 
4 303 307 (0 -2048 32 ) (0 -2048 3510.149902 ) (-512 -2048 3510.149902 ) (-512 -2048 32 ) 
4 303 304 (-512 -2048 32 ) (-512 -2048 3510.149902 ) (-512 -1536 3510.149902 ) (-512 -1536 32 ) 
4 304 307 (-1024 -2048 3510.149902 ) (-1024 -2048 32 ) (-512 -2048 32 ) (-512 -2048 3510.149902 ) 
4 304 306 (-1024 -1024 3510.149902 ) (-1024 -1024 32 ) (-1024 -2048 32 ) (-1024 -2048 3510.149902 ) 
4 305 307 (0 -2048 -182.154022 ) (0 -2048 0 ) (-1024 -2048 0 ) (-1024 -2048 -182.154022 ) 
4 305 306 (-1024 -1024 0 ) (-1024 -1024 -182.154022 ) (-1024 -2048 -182.154022 ) (-1024 -2048 0 ) 
4 306 308 (-1024 -2048 -182.154022 ) (-1024 -2048 3510.149902 ) (-1268.360107 -2048 3510.149902 ) (-1268.360107 -2048 -182.154022 ) 
4 307 308 (-1024 -2048 3510.149902 ) (-1024 -2048 -182.154022 ) (-1024 -2292.850098 -182.154022 ) (-1024 -2292.850098 3510.149902 ) 
